{"/Users/zhou/Desktop/COMP531/hw5/src/actions.js":{"path":"/Users/zhou/Desktop/COMP531/hw5/src/actions.js","s":{"1":1,"2":1,"3":1,"4":1,"5":1,"6":1,"7":1,"8":1,"9":1,"10":1,"11":1,"12":1,"13":1,"14":1,"15":1,"16":1,"17":1,"18":0,"19":1,"20":0,"21":1,"22":0,"23":1,"24":0,"25":1,"26":0,"27":1,"28":1,"29":1,"30":1,"31":1,"32":1,"33":0,"34":1,"35":0,"36":0,"37":0,"38":0},"b":{"1":[0,1],"2":[1,1],"3":[0,1],"4":[0,1],"5":[1,0],"6":[1,0],"7":[0,1],"8":[0,0],"9":[0,0]},"f":{"1":1,"2":0,"3":0,"4":0,"5":0,"6":0,"7":1,"8":0},"fnMap":{"1":{"name":"_interopRequireDefault","line":18,"loc":{"start":{"line":0,"column":0},"end":{"line":0,"column":0},"skip":true},"skip":true},"2":{"name":"updateError","line":53,"loc":{"start":{"line":36,"column":7},"end":{"line":36,"column":35}}},"3":{"name":"updateSuccess","line":56,"loc":{"start":{"line":37,"column":7},"end":{"line":37,"column":39}}},"4":{"name":"navToProfile","line":59,"loc":{"start":{"line":38,"column":7},"end":{"line":38,"column":31}}},"5":{"name":"navToMain","line":62,"loc":{"start":{"line":39,"column":7},"end":{"line":39,"column":28}}},"6":{"name":"navToOut","line":65,"loc":{"start":{"line":40,"column":7},"end":{"line":40,"column":27}}},"7":{"name":"resource","line":70,"loc":{"start":{"line":43,"column":7},"end":{"line":43,"column":71}}},"8":{"name":"(anonymous_8)","line":79,"loc":{"start":{"line":51,"column":10},"end":{"line":51,"column":24}}}},"statementMap":{"1":{"start":{"line":0,"column":0},"end":{"line":0,"column":0},"skip":true},"2":{"start":{"line":0,"column":0},"end":{"line":0,"column":0},"skip":true},"3":{"start":{"line":0,"column":0},"end":{"line":0,"column":0},"skip":true},"4":{"start":{"line":0,"column":0},"end":{"line":0,"column":0},"skip":true},"5":{"start":{"line":0,"column":0},"end":{"line":0,"column":0},"skip":true},"6":{"start":{"line":0,"column":0},"end":{"line":0,"column":0},"skip":true},"7":{"start":{"line":0,"column":0},"end":{"line":0,"column":0},"skip":true},"8":{"start":{"line":0,"column":0},"end":{"line":0,"column":0},"skip":true},"9":{"start":{"line":4,"column":0},"end":{"line":4,"column":0}},"10":{"start":{"line":0,"column":0},"end":{"line":0,"column":0},"skip":true},"11":{"start":{"line":0,"column":0},"end":{"line":0,"column":0},"skip":true},"12":{"start":{"line":0,"column":0},"end":{"line":0,"column":0},"skip":true},"13":{"start":{"line":0,"column":0},"end":{"line":0,"column":0},"skip":true},"14":{"start":{"line":7,"column":7},"end":{"line":7,"column":7}},"15":{"start":{"line":10,"column":0},"end":{"line":10,"column":0}},"16":{"start":{"line":0,"column":0},"end":{"line":0,"column":0},"skip":true},"17":{"start":{"line":36,"column":7},"end":{"line":36,"column":74}},"18":{"start":{"line":36,"column":37},"end":{"line":36,"column":37}},"19":{"start":{"line":37,"column":7},"end":{"line":37,"column":82}},"20":{"start":{"line":37,"column":41},"end":{"line":37,"column":41}},"21":{"start":{"line":38,"column":7},"end":{"line":38,"column":69}},"22":{"start":{"line":38,"column":33},"end":{"line":38,"column":33}},"23":{"start":{"line":39,"column":7},"end":{"line":39,"column":63}},"24":{"start":{"line":39,"column":30},"end":{"line":39,"column":30}},"25":{"start":{"line":40,"column":7},"end":{"line":40,"column":61}},"26":{"start":{"line":40,"column":29},"end":{"line":40,"column":29}},"27":{"start":{"line":43,"column":7},"end":{"line":59,"column":1}},"28":{"start":{"line":43,"column":71},"end":{"line":43,"column":71}},"29":{"start":{"line":44,"column":4},"end":{"line":44,"column":4}},"30":{"start":{"line":45,"column":4},"end":{"line":45,"column":20}},"31":{"start":{"line":45,"column":20},"end":{"line":45,"column":20}},"32":{"start":{"line":46,"column":4},"end":{"line":48,"column":5}},"33":{"start":{"line":47,"column":8},"end":{"line":47,"column":8}},"34":{"start":{"line":50,"column":4},"end":{"line":50,"column":4}},"35":{"start":{"line":52,"column":8},"end":{"line":57,"column":9}},"36":{"start":{"line":53,"column":12},"end":{"line":53,"column":12}},"37":{"start":{"line":54,"column":12},"end":{"line":54,"column":12}},"38":{"start":{"line":56,"column":12},"end":{"line":56,"column":12}}},"branchMap":{"1":{"line":18,"type":"cond-expr","locations":[{"start":{"line":0,"column":0},"end":{"line":0,"column":0},"skip":true},{"start":{"line":0,"column":0},"end":{"line":0,"column":0},"skip":true}]},"2":{"line":18,"type":"binary-expr","locations":[{"start":{"line":0,"column":0},"end":{"line":0,"column":0},"skip":true},{"start":{"line":0,"column":0},"end":{"line":0,"column":0},"skip":true}]},"3":{"line":23,"type":"cond-expr","locations":[{"start":{"line":7,"column":32},"end":{"line":7,"column":22}},{"start":{"line":7,"column":58},"end":{"line":7,"column":7}}]},"4":{"line":71,"type":"cond-expr","locations":[{"start":{"line":43,"column":71},"end":{"line":43,"column":71}},{"start":{"line":43,"column":65},"end":{"line":43,"column":71}}]},"5":{"line":71,"type":"binary-expr","locations":[{"start":{"line":43,"column":71},"end":{"line":43,"column":71}},{"start":{"line":43,"column":71},"end":{"line":43,"column":71}}]},"6":{"line":74,"type":"if","locations":[{"start":{"line":45,"column":4},"end":{"line":45,"column":4}},{"start":{"line":45,"column":4},"end":{"line":45,"column":4}}]},"7":{"line":75,"type":"if","locations":[{"start":{"line":46,"column":4},"end":{"line":46,"column":4}},{"start":{"line":46,"column":4},"end":{"line":46,"column":4}}]},"8":{"line":76,"type":"cond-expr","locations":[{"start":{"line":47,"column":36},"end":{"line":47,"column":23}},{"start":{"line":47,"column":62},"end":{"line":47,"column":8}}]},"9":{"line":80,"type":"if","locations":[{"start":{"line":52,"column":8},"end":{"line":52,"column":8}},{"start":{"line":52,"column":8},"end":{"line":52,"column":8}}]}}},"/Users/zhou/Desktop/COMP531/hw5/src/components/app.js":{"path":"/Users/zhou/Desktop/COMP531/hw5/src/components/app.js","s":{"1":1,"2":1,"3":1,"4":1,"5":1,"6":1,"7":1,"8":1,"9":1,"10":1,"11":1,"12":1,"13":1,"14":5,"15":1,"16":0,"17":0,"18":0,"19":0,"20":0,"21":0,"22":0,"23":0,"24":0,"25":0,"26":1,"27":0,"28":1},"b":{"1":[4,1],"2":[5,5],"3":[0,0,0]},"f":{"1":5,"2":0,"3":0},"fnMap":{"1":{"name":"_interopRequireDefault","line":29,"loc":{"start":{"line":0,"column":0},"end":{"line":0,"column":0},"skip":true},"skip":true},"2":{"name":"App","line":34,"loc":{"start":{"line":12,"column":12},"end":{"line":12,"column":28}}},"3":{"name":"(anonymous_3)","line":58,"loc":{"start":{"line":31,"column":20},"end":{"line":31,"column":31}}}},"statementMap":{"1":{"start":{"line":0,"column":0},"end":{"line":0,"column":0},"skip":true},"2":{"start":{"line":4,"column":0},"end":{"line":4,"column":0}},"3":{"start":{"line":0,"column":0},"end":{"line":0,"column":0},"skip":true},"4":{"start":{"line":5,"column":0},"end":{"line":5,"column":0}},"5":{"start":{"line":7,"column":0},"end":{"line":7,"column":0}},"6":{"start":{"line":0,"column":0},"end":{"line":0,"column":0},"skip":true},"7":{"start":{"line":8,"column":0},"end":{"line":8,"column":0}},"8":{"start":{"line":0,"column":0},"end":{"line":0,"column":0},"skip":true},"9":{"start":{"line":9,"column":0},"end":{"line":9,"column":0}},"10":{"start":{"line":0,"column":0},"end":{"line":0,"column":0},"skip":true},"11":{"start":{"line":10,"column":0},"end":{"line":10,"column":0}},"12":{"start":{"line":0,"column":0},"end":{"line":0,"column":0},"skip":true},"13":{"start":{"line":0,"column":0},"end":{"line":0,"column":0},"skip":true},"14":{"start":{"line":0,"column":0},"end":{"line":0,"column":0},"skip":true},"15":{"start":{"line":12,"column":0},"end":{"line":12,"column":0}},"16":{"start":{"line":12,"column":28},"end":{"line":12,"column":28}},"17":{"start":{"line":15,"column":4},"end":{"line":15,"column":4}},"18":{"start":{"line":16,"column":4},"end":{"line":16,"column":4}},"19":{"start":{"line":17,"column":21},"end":{"line":17,"column":37}},"20":{"start":{"line":17,"column":37},"end":{"line":17,"column":37}},"21":{"start":{"line":18,"column":24},"end":{"line":18,"column":43}},"22":{"start":{"line":18,"column":43},"end":{"line":18,"column":43}},"23":{"start":{"line":19,"column":17},"end":{"line":19,"column":36}},"24":{"start":{"line":19,"column":36},"end":{"line":19,"column":36}},"25":{"start":{"line":23,"column":4},"end":{"line":23,"column":4}},"26":{"start":{"line":31,"column":0},"end":{"line":31,"column":0}},"27":{"start":{"line":32,"column":4},"end":{"line":32,"column":4}},"28":{"start":{"line":0,"column":0},"end":{"line":0,"column":0},"skip":true}},"branchMap":{"1":{"line":29,"type":"cond-expr","locations":[{"start":{"line":0,"column":0},"end":{"line":0,"column":0},"skip":true},{"start":{"line":0,"column":0},"end":{"line":0,"column":0},"skip":true}]},"2":{"line":29,"type":"binary-expr","locations":[{"start":{"line":0,"column":0},"end":{"line":0,"column":0},"skip":true},{"start":{"line":0,"column":0},"end":{"line":0,"column":0},"skip":true}]},"3":{"line":40,"type":"switch","locations":[{"start":{"line":17,"column":8},"end":{"line":17,"column":37}},{"start":{"line":18,"column":8},"end":{"line":18,"column":43}},{"start":{"line":19,"column":8},"end":{"line":19,"column":36}}]}}},"/Users/zhou/Desktop/COMP531/hw5/src/components/navbar/nav.js":{"path":"/Users/zhou/Desktop/COMP531/hw5/src/components/navbar/nav.js","s":{"1":1,"2":1,"3":1,"4":1,"5":1,"6":1,"7":1,"8":1,"9":1,"10":1,"11":0,"12":0,"13":0,"14":0,"15":0,"16":0,"17":0,"18":0,"19":0,"20":1,"21":0},"b":{"1":[0,1],"2":[1,1],"3":[0,0],"4":[0,0],"5":[0,0],"6":[0,0]},"f":{"1":1,"2":0,"3":0,"4":0,"5":0,"6":0,"7":0,"8":0,"9":0},"fnMap":{"1":{"name":"_interopRequireDefault","line":19,"loc":{"start":{"line":0,"column":0},"end":{"line":0,"column":0},"skip":true},"skip":true},"2":{"name":"Nav","line":21,"loc":{"start":{"line":10,"column":12},"end":{"line":10,"column":49}}},"3":{"name":"onClick","line":38,"loc":{"start":{"line":16,"column":66},"end":{"line":16,"column":72}}},"4":{"name":"ref","line":79,"loc":{"start":{"line":35,"column":64},"end":{"line":35,"column":64}}},"5":{"name":"onChange","line":82,"loc":{"start":{"line":36,"column":69},"end":{"line":36,"column":75}}},"6":{"name":"onClick","line":105,"loc":{"start":{"line":50,"column":65},"end":{"line":50,"column":71}}},"7":{"name":"onClick","line":116,"loc":{"start":{"line":55,"column":73},"end":{"line":55,"column":79}}},"8":{"name":"onClick","line":126,"loc":{"start":{"line":58,"column":73},"end":{"line":58,"column":79}}},"9":{"name":"(anonymous_9)","line":141,"loc":{"start":{"line":73,"column":2},"end":{"line":73,"column":13}}}},"statementMap":{"1":{"start":{"line":0,"column":0},"end":{"line":0,"column":0},"skip":true},"2":{"start":{"line":4,"column":0},"end":{"line":4,"column":0}},"3":{"start":{"line":0,"column":0},"end":{"line":0,"column":0},"skip":true},"4":{"start":{"line":5,"column":0},"end":{"line":5,"column":0}},"5":{"start":{"line":6,"column":0},"end":{"line":6,"column":0}},"6":{"start":{"line":7,"column":0},"end":{"line":7,"column":0}},"7":{"start":{"line":8,"column":0},"end":{"line":8,"column":0}},"8":{"start":{"line":0,"column":0},"end":{"line":0,"column":0},"skip":true},"9":{"start":{"line":0,"column":0},"end":{"line":0,"column":0},"skip":true},"10":{"start":{"line":0,"column":0},"end":{"line":0,"column":0},"skip":true},"11":{"start":{"line":10,"column":49},"end":{"line":10,"column":49}},"12":{"start":{"line":11,"column":4},"end":{"line":11,"column":4}},"13":{"start":{"line":12,"column":4},"end":{"line":12,"column":4}},"14":{"start":{"line":17,"column":24},"end":{"line":17,"column":24}},"15":{"start":{"line":35,"column":64},"end":{"line":35,"column":64}},"16":{"start":{"line":37,"column":63},"end":{"line":37,"column":63}},"17":{"start":{"line":51,"column":44},"end":{"line":51,"column":44}},"18":{"start":{"line":56,"column":52},"end":{"line":56,"column":52}},"19":{"start":{"line":59,"column":52},"end":{"line":59,"column":52}},"20":{"start":{"line":0,"column":0},"end":{"line":0,"column":0},"skip":true},"21":{"start":{"line":74,"column":4},"end":{"line":74,"column":4}}},"branchMap":{"1":{"line":19,"type":"cond-expr","locations":[{"start":{"line":0,"column":0},"end":{"line":0,"column":0},"skip":true},{"start":{"line":0,"column":0},"end":{"line":0,"column":0},"skip":true}]},"2":{"line":19,"type":"binary-expr","locations":[{"start":{"line":0,"column":0},"end":{"line":0,"column":0},"skip":true},{"start":{"line":0,"column":0},"end":{"line":0,"column":0},"skip":true}]},"3":{"line":55,"type":"cond-expr","locations":[{"start":{"line":24,"column":43},"end":{"line":24,"column":20}},{"start":{"line":25,"column":24},"end":{"line":25,"column":24}}]},"4":{"line":63,"type":"cond-expr","locations":[{"start":{"line":29,"column":48},"end":{"line":29,"column":36}},{"start":{"line":30,"column":40},"end":{"line":26,"column":28}}]},"5":{"line":111,"type":"cond-expr","locations":[{"start":{"line":55,"column":48},"end":{"line":54,"column":44}},{"start":{"line":58,"column":48},"end":{"line":58,"column":48}}]},"6":{"line":143,"type":"binary-expr","locations":[{"start":{"line":75,"column":16},"end":{"line":75,"column":16}},{"start":{"line":75,"column":42},"end":{"line":74,"column":11}}]}}},"/Users/zhou/Desktop/COMP531/hw5/src/components/article/articleActions.js":{"path":"/Users/zhou/Desktop/COMP531/hw5/src/components/article/articleActions.js","s":{"1":1,"2":1,"3":1,"4":1,"5":1,"6":1,"7":1,"8":1,"9":1,"10":1,"11":0,"12":0,"13":0,"14":0,"15":0,"16":1,"17":0,"18":0,"19":0,"20":0,"21":0,"22":0,"23":0,"24":0,"25":0,"26":0,"27":0,"28":0,"29":0,"30":0,"31":0,"32":0,"33":0,"34":0,"35":1,"36":0,"37":0,"38":0,"39":0,"40":0,"41":0,"42":0,"43":1,"44":0,"45":0,"46":0,"47":0,"48":0,"49":0,"50":0,"51":1,"52":0},"b":{"1":[1,0],"2":[1,1],"3":[0,0],"4":[0,0],"5":[0,0]},"f":{"1":1,"2":0,"3":0,"4":0,"5":0,"6":0,"7":0,"8":0,"9":0,"10":0,"11":0,"12":0,"13":0,"14":0,"15":0,"16":0,"17":0,"18":0,"19":0},"fnMap":{"1":{"name":"_interopRequireDefault","line":15,"loc":{"start":{"line":0,"column":0},"end":{"line":0,"column":0},"skip":true},"skip":true},"2":{"name":"_toConsumableArray","line":17,"loc":{"start":{"line":0,"column":0},"end":{"line":0,"column":0},"skip":true},"skip":true},"3":{"name":"fetchArticles","line":23,"loc":{"start":{"line":7,"column":7},"end":{"line":7,"column":32}}},"4":{"name":"(anonymous_4)","line":24,"loc":{"start":{"line":8,"column":11},"end":{"line":8,"column":35}}},"5":{"name":"(anonymous_5)","line":25,"loc":{"start":{"line":10,"column":14},"end":{"line":10,"column":28}}},"6":{"name":"(anonymous_6)","line":26,"loc":{"start":{"line":11,"column":54},"end":{"line":11,"column":63}}},"7":{"name":"(anonymous_7)","line":33,"loc":{"start":{"line":18,"column":61},"end":{"line":18,"column":77}}},"8":{"name":"(anonymous_8)","line":34,"loc":{"start":{"line":19,"column":37},"end":{"line":19,"column":37}}},"9":{"name":"(anonymous_9)","line":36,"loc":{"start":{"line":19,"column":62},"end":{"line":19,"column":62}}},"10":{"name":"(anonymous_10)","line":40,"loc":{"start":{"line":21,"column":26},"end":{"line":21,"column":26}}},"11":{"name":"(anonymous_11)","line":44,"loc":{"start":{"line":24,"column":22},"end":{"line":24,"column":36}}},"12":{"name":"(anonymous_12)","line":45,"loc":{"start":{"line":25,"column":45},"end":{"line":25,"column":52}}},"13":{"name":"uploadArticle","line":55,"loc":{"start":{"line":35,"column":7},"end":{"line":35,"column":45}}},"14":{"name":"(anonymous_14)","line":56,"loc":{"start":{"line":36,"column":11},"end":{"line":36,"column":25}}},"15":{"name":"(anonymous_15)","line":60,"loc":{"start":{"line":41,"column":14},"end":{"line":41,"column":28}}},"16":{"name":"editArticle","line":67,"loc":{"start":{"line":48,"column":7},"end":{"line":48,"column":59}}},"17":{"name":"(anonymous_17)","line":68,"loc":{"start":{"line":49,"column":11},"end":{"line":49,"column":25}}},"18":{"name":"(anonymous_18)","line":71,"loc":{"start":{"line":53,"column":14},"end":{"line":53,"column":28}}},"19":{"name":"searchKeyword","line":78,"loc":{"start":{"line":60,"column":7},"end":{"line":60,"column":39}}}},"statementMap":{"1":{"start":{"line":0,"column":0},"end":{"line":0,"column":0},"skip":true},"2":{"start":{"line":0,"column":0},"end":{"line":0,"column":0},"skip":true},"3":{"start":{"line":0,"column":0},"end":{"line":0,"column":0},"skip":true},"4":{"start":{"line":0,"column":0},"end":{"line":0,"column":0},"skip":true},"5":{"start":{"line":0,"column":0},"end":{"line":0,"column":0},"skip":true},"6":{"start":{"line":4,"column":0},"end":{"line":4,"column":0}},"7":{"start":{"line":0,"column":0},"end":{"line":0,"column":0},"skip":true},"8":{"start":{"line":0,"column":0},"end":{"line":0,"column":0},"skip":true},"9":{"start":{"line":0,"column":0},"end":{"line":0,"column":0},"skip":true},"10":{"start":{"line":0,"column":0},"end":{"line":0,"column":0},"skip":true},"11":{"start":{"line":0,"column":0},"end":{"line":0,"column":0},"skip":true},"12":{"start":{"line":0,"column":0},"end":{"line":0,"column":0},"skip":true},"13":{"start":{"line":0,"column":0},"end":{"line":0,"column":0},"skip":true},"14":{"start":{"line":0,"column":0},"end":{"line":0,"column":0},"skip":true},"15":{"start":{"line":0,"column":0},"end":{"line":0,"column":0},"skip":true},"16":{"start":{"line":7,"column":7},"end":{"line":33,"column":1}},"17":{"start":{"line":8,"column":4},"end":{"line":8,"column":4}},"18":{"start":{"line":9,"column":8},"end":{"line":9,"column":8}},"19":{"start":{"line":11,"column":12},"end":{"line":11,"column":12}},"20":{"start":{"line":12,"column":16},"end":{"line":12,"column":16}},"21":{"start":{"line":13,"column":16},"end":{"line":13,"column":16}},"22":{"start":{"line":15,"column":12},"end":{"line":15,"column":12}},"23":{"start":{"line":17,"column":12},"end":{"line":17,"column":12}},"24":{"start":{"line":18,"column":12},"end":{"line":18,"column":12}},"25":{"start":{"line":19,"column":16},"end":{"line":19,"column":16}},"26":{"start":{"line":19,"column":37},"end":{"line":19,"column":37}},"27":{"start":{"line":19,"column":62},"end":{"line":19,"column":62}},"28":{"start":{"line":20,"column":16},"end":{"line":20,"column":16}},"29":{"start":{"line":21,"column":26},"end":{"line":21,"column":26}},"30":{"start":{"line":22,"column":12},"end":{"line":30,"column":13}},"31":{"start":{"line":23,"column":16},"end":{"line":23,"column":16}},"32":{"start":{"line":25,"column":20},"end":{"line":25,"column":20}},"33":{"start":{"line":26,"column":24},"end":{"line":26,"column":24}},"34":{"start":{"line":28,"column":20},"end":{"line":28,"column":20}},"35":{"start":{"line":35,"column":7},"end":{"line":46,"column":1}},"36":{"start":{"line":36,"column":4},"end":{"line":36,"column":4}},"37":{"start":{"line":37,"column":8},"end":{"line":37,"column":8}},"38":{"start":{"line":38,"column":8},"end":{"line":38,"column":8}},"39":{"start":{"line":39,"column":8},"end":{"line":39,"column":8}},"40":{"start":{"line":40,"column":8},"end":{"line":40,"column":8}},"41":{"start":{"line":42,"column":12},"end":{"line":42,"column":12}},"42":{"start":{"line":43,"column":12},"end":{"line":43,"column":12}},"43":{"start":{"line":48,"column":7},"end":{"line":58,"column":1}},"44":{"start":{"line":49,"column":4},"end":{"line":49,"column":4}},"45":{"start":{"line":50,"column":8},"end":{"line":50,"column":8}},"46":{"start":{"line":51,"column":8},"end":{"line":51,"column":23}},"47":{"start":{"line":51,"column":23},"end":{"line":51,"column":23}},"48":{"start":{"line":52,"column":8},"end":{"line":52,"column":8}},"49":{"start":{"line":54,"column":12},"end":{"line":54,"column":12}},"50":{"start":{"line":55,"column":12},"end":{"line":55,"column":12}},"51":{"start":{"line":60,"column":7},"end":{"line":62,"column":1}},"52":{"start":{"line":61,"column":4},"end":{"line":61,"column":4}}},"branchMap":{"1":{"line":15,"type":"cond-expr","locations":[{"start":{"line":0,"column":0},"end":{"line":0,"column":0},"skip":true},{"start":{"line":0,"column":0},"end":{"line":0,"column":0},"skip":true}]},"2":{"line":15,"type":"binary-expr","locations":[{"start":{"line":0,"column":0},"end":{"line":0,"column":0},"skip":true},{"start":{"line":0,"column":0},"end":{"line":0,"column":0},"skip":true}]},"3":{"line":17,"type":"if","locations":[{"start":{"line":0,"column":0},"end":{"line":0,"column":0},"skip":true},{"start":{"line":0,"column":0},"end":{"line":0,"column":0},"skip":true}]},"4":{"line":43,"type":"if","locations":[{"start":{"line":22,"column":12},"end":{"line":22,"column":12}},{"start":{"line":22,"column":12},"end":{"line":22,"column":12}}]},"5":{"line":70,"type":"if","locations":[{"start":{"line":51,"column":8},"end":{"line":51,"column":8}},{"start":{"line":51,"column":8},"end":{"line":51,"column":8}}]}}},"/Users/zhou/Desktop/COMP531/hw5/src/components/auth/authActions.js":{"path":"/Users/zhou/Desktop/COMP531/hw5/src/components/auth/authActions.js","s":{"1":1,"2":1,"3":1,"4":1,"5":1,"6":1,"7":1,"8":1,"9":1,"10":1,"11":1,"12":1,"13":1,"14":1,"15":1,"16":0,"17":0,"18":0,"19":0,"20":0,"21":1,"22":0,"23":0,"24":0,"25":0,"26":0,"27":1,"28":0,"29":0,"30":0,"31":0,"32":1,"33":0,"34":0,"35":0,"36":0,"37":0,"38":0,"39":0,"40":0,"41":0,"42":0},"b":{"1":[1,0],"2":[1,1],"3":[0,0],"4":[0,0,0,0,0],"5":[0,0]},"f":{"1":1,"2":1,"3":1,"4":0,"5":0,"6":0,"7":0,"8":0,"9":0,"10":0,"11":0,"12":0,"13":0,"14":0,"15":0,"16":0},"fnMap":{"1":{"name":"_interopRequireDefault","line":21,"loc":{"start":{"line":0,"column":0},"end":{"line":0,"column":0},"skip":true},"skip":true},"2":{"name":"initialVisit","line":26,"loc":{"start":{"line":10,"column":7},"end":{"line":10,"column":31}}},"3":{"name":"(anonymous_3)","line":27,"loc":{"start":{"line":11,"column":11},"end":{"line":11,"column":25}}},"4":{"name":"(anonymous_4)","line":29,"loc":{"start":{"line":13,"column":42},"end":{"line":13,"column":56}}},"5":{"name":"(anonymous_5)","line":38,"loc":{"start":{"line":22,"column":17},"end":{"line":22,"column":26}}},"6":{"name":"localLogin","line":44,"loc":{"start":{"line":28,"column":7},"end":{"line":28,"column":47}}},"7":{"name":"(anonymous_7)","line":45,"loc":{"start":{"line":29,"column":11},"end":{"line":29,"column":25}}},"8":{"name":"(anonymous_8)","line":46,"loc":{"start":{"line":31,"column":14},"end":{"line":31,"column":28}}},"9":{"name":"(anonymous_9)","line":49,"loc":{"start":{"line":34,"column":17},"end":{"line":34,"column":26}}},"10":{"name":"logout","line":55,"loc":{"start":{"line":40,"column":7},"end":{"line":40,"column":25}}},"11":{"name":"(anonymous_11)","line":56,"loc":{"start":{"line":41,"column":11},"end":{"line":41,"column":25}}},"12":{"name":"(anonymous_12)","line":57,"loc":{"start":{"line":43,"column":15},"end":{"line":43,"column":24}}},"13":{"name":"register","line":64,"loc":{"start":{"line":50,"column":7},"end":{"line":50,"column":71}}},"14":{"name":"(anonymous_14)","line":71,"loc":{"start":{"line":51,"column":11},"end":{"line":51,"column":25}}},"15":{"name":"(anonymous_15)","line":81,"loc":{"start":{"line":62,"column":14},"end":{"line":62,"column":28}}},"16":{"name":"(anonymous_16)","line":83,"loc":{"start":{"line":64,"column":17},"end":{"line":64,"column":26}}}},"statementMap":{"1":{"start":{"line":0,"column":0},"end":{"line":0,"column":0},"skip":true},"2":{"start":{"line":0,"column":0},"end":{"line":0,"column":0},"skip":true},"3":{"start":{"line":0,"column":0},"end":{"line":0,"column":0},"skip":true},"4":{"start":{"line":0,"column":0},"end":{"line":0,"column":0},"skip":true},"5":{"start":{"line":0,"column":0},"end":{"line":0,"column":0},"skip":true},"6":{"start":{"line":4,"column":0},"end":{"line":4,"column":0}},"7":{"start":{"line":0,"column":0},"end":{"line":0,"column":0},"skip":true},"8":{"start":{"line":6,"column":0},"end":{"line":6,"column":0}},"9":{"start":{"line":7,"column":0},"end":{"line":7,"column":0}},"10":{"start":{"line":8,"column":0},"end":{"line":8,"column":0}},"11":{"start":{"line":0,"column":0},"end":{"line":0,"column":0},"skip":true},"12":{"start":{"line":0,"column":0},"end":{"line":0,"column":0},"skip":true},"13":{"start":{"line":10,"column":7},"end":{"line":26,"column":1}},"14":{"start":{"line":11,"column":4},"end":{"line":11,"column":4}},"15":{"start":{"line":13,"column":8},"end":{"line":13,"column":8}},"16":{"start":{"line":14,"column":12},"end":{"line":14,"column":12}},"17":{"start":{"line":15,"column":12},"end":{"line":15,"column":12}},"18":{"start":{"line":19,"column":12},"end":{"line":19,"column":12}},"19":{"start":{"line":20,"column":12},"end":{"line":20,"column":12}},"20":{"start":{"line":21,"column":12},"end":{"line":21,"column":12}},"21":{"start":{"line":28,"column":7},"end":{"line":38,"column":1}},"22":{"start":{"line":29,"column":4},"end":{"line":29,"column":4}},"23":{"start":{"line":30,"column":8},"end":{"line":30,"column":8}},"24":{"start":{"line":32,"column":12},"end":{"line":32,"column":12}},"25":{"start":{"line":33,"column":12},"end":{"line":33,"column":12}},"26":{"start":{"line":35,"column":12},"end":{"line":35,"column":12}},"27":{"start":{"line":40,"column":7},"end":{"line":48,"column":1}},"28":{"start":{"line":41,"column":4},"end":{"line":41,"column":4}},"29":{"start":{"line":42,"column":8},"end":{"line":42,"column":8}},"30":{"start":{"line":44,"column":12},"end":{"line":44,"column":12}},"31":{"start":{"line":45,"column":12},"end":{"line":45,"column":12}},"32":{"start":{"line":50,"column":7},"end":{"line":68,"column":1}},"33":{"start":{"line":50,"column":71},"end":{"line":50,"column":71}},"34":{"start":{"line":51,"column":4},"end":{"line":51,"column":4}},"35":{"start":{"line":52,"column":8},"end":{"line":54,"column":9}},"36":{"start":{"line":53,"column":12},"end":{"line":53,"column":12}},"37":{"start":{"line":56,"column":8},"end":{"line":56,"column":8}},"38":{"start":{"line":57,"column":8},"end":{"line":59,"column":9}},"39":{"start":{"line":58,"column":12},"end":{"line":58,"column":12}},"40":{"start":{"line":61,"column":8},"end":{"line":61,"column":8}},"41":{"start":{"line":63,"column":12},"end":{"line":63,"column":12}},"42":{"start":{"line":65,"column":12},"end":{"line":65,"column":12}}},"branchMap":{"1":{"line":21,"type":"cond-expr","locations":[{"start":{"line":0,"column":0},"end":{"line":0,"column":0},"skip":true},{"start":{"line":0,"column":0},"end":{"line":0,"column":0},"skip":true}]},"2":{"line":21,"type":"binary-expr","locations":[{"start":{"line":0,"column":0},"end":{"line":0,"column":0},"skip":true},{"start":{"line":0,"column":0},"end":{"line":0,"column":0},"skip":true}]},"3":{"line":72,"type":"if","locations":[{"start":{"line":52,"column":8},"end":{"line":52,"column":8}},{"start":{"line":52,"column":8},"end":{"line":52,"column":8}}]},"4":{"line":72,"type":"binary-expr","locations":[{"start":{"line":52,"column":12},"end":{"line":52,"column":12}},{"start":{"line":52,"column":25},"end":{"line":52,"column":12}},{"start":{"line":52,"column":35},"end":{"line":52,"column":12}},{"start":{"line":52,"column":47},"end":{"line":52,"column":12}},{"start":{"line":52,"column":60},"end":{"line":52,"column":8}}]},"5":{"line":77,"type":"if","locations":[{"start":{"line":57,"column":8},"end":{"line":57,"column":8}},{"start":{"line":57,"column":8},"end":{"line":57,"column":8}}]}}},"/Users/zhou/Desktop/COMP531/hw5/src/components/main/followingActions.js":{"path":"/Users/zhou/Desktop/COMP531/hw5/src/components/main/followingActions.js","s":{"1":1,"2":1,"3":1,"4":1,"5":1,"6":1,"7":1,"8":1,"9":1,"10":2,"11":1,"12":0,"13":1,"14":0,"15":1,"16":0,"17":0,"18":0,"19":0,"20":0,"21":0,"22":0,"23":0,"24":0,"25":0,"26":0,"27":0,"28":0,"29":0,"30":0,"31":0,"32":0,"33":0,"34":0,"35":0,"36":0,"37":0,"38":0},"b":{"1":[1,1],"2":[2,2],"3":[0,0],"4":[0,0],"5":[0,0],"6":[0,0],"7":[0,0],"8":[0,0],"9":[0,0],"10":[0,0]},"f":{"1":2,"2":0,"3":0,"4":0,"5":0,"6":0,"7":0,"8":0,"9":0,"10":0,"11":0,"12":0,"13":0},"fnMap":{"1":{"name":"_interopRequireDefault","line":18,"loc":{"start":{"line":0,"column":0},"end":{"line":0,"column":0},"skip":true},"skip":true},"2":{"name":"delFollower","line":23,"loc":{"start":{"line":7,"column":7},"end":{"line":7,"column":34}}},"3":{"name":"addFollower","line":26,"loc":{"start":{"line":8,"column":7},"end":{"line":8,"column":34}}},"4":{"name":"fetchFollowers","line":31,"loc":{"start":{"line":11,"column":7},"end":{"line":11,"column":45}}},"5":{"name":"(anonymous_5)","line":32,"loc":{"start":{"line":12,"column":11},"end":{"line":12,"column":35}}},"6":{"name":"(anonymous_6)","line":37,"loc":{"start":{"line":18,"column":14},"end":{"line":18,"column":28}}},"7":{"name":"(anonymous_7)","line":43,"loc":{"start":{"line":24,"column":56},"end":{"line":24,"column":69}}},"8":{"name":"(anonymous_8)","line":48,"loc":{"start":{"line":28,"column":22},"end":{"line":28,"column":36}}},"9":{"name":"(anonymous_9)","line":49,"loc":{"start":{"line":29,"column":47},"end":{"line":29,"column":54}}},"10":{"name":"(anonymous_10)","line":57,"loc":{"start":{"line":38,"column":22},"end":{"line":38,"column":36}}},"11":{"name":"(anonymous_11)","line":58,"loc":{"start":{"line":39,"column":45},"end":{"line":39,"column":52}}},"12":{"name":"(anonymous_12)","line":66,"loc":{"start":{"line":47,"column":63},"end":{"line":47,"column":69}}},"13":{"name":"(anonymous_13)","line":69,"loc":{"start":{"line":50,"column":17},"end":{"line":50,"column":26}}}},"statementMap":{"1":{"start":{"line":0,"column":0},"end":{"line":0,"column":0},"skip":true},"2":{"start":{"line":0,"column":0},"end":{"line":0,"column":0},"skip":true},"3":{"start":{"line":0,"column":0},"end":{"line":0,"column":0},"skip":true},"4":{"start":{"line":0,"column":0},"end":{"line":0,"column":0},"skip":true},"5":{"start":{"line":4,"column":0},"end":{"line":4,"column":0}},"6":{"start":{"line":0,"column":0},"end":{"line":0,"column":0},"skip":true},"7":{"start":{"line":5,"column":0},"end":{"line":5,"column":0}},"8":{"start":{"line":0,"column":0},"end":{"line":0,"column":0},"skip":true},"9":{"start":{"line":0,"column":0},"end":{"line":0,"column":0},"skip":true},"10":{"start":{"line":0,"column":0},"end":{"line":0,"column":0},"skip":true},"11":{"start":{"line":7,"column":7},"end":{"line":7,"column":75}},"12":{"start":{"line":7,"column":36},"end":{"line":7,"column":36}},"13":{"start":{"line":8,"column":7},"end":{"line":8,"column":72}},"14":{"start":{"line":8,"column":36},"end":{"line":8,"column":36}},"15":{"start":{"line":11,"column":7},"end":{"line":54,"column":1}},"16":{"start":{"line":12,"column":4},"end":{"line":12,"column":4}},"17":{"start":{"line":13,"column":8},"end":{"line":15,"column":9}},"18":{"start":{"line":14,"column":12},"end":{"line":14,"column":12}},"19":{"start":{"line":17,"column":8},"end":{"line":17,"column":8}},"20":{"start":{"line":20,"column":12},"end":{"line":22,"column":13}},"21":{"start":{"line":21,"column":16},"end":{"line":21,"column":16}},"22":{"start":{"line":24,"column":12},"end":{"line":24,"column":12}},"23":{"start":{"line":24,"column":71},"end":{"line":24,"column":89}},"24":{"start":{"line":24,"column":89},"end":{"line":24,"column":89}},"25":{"start":{"line":25,"column":12},"end":{"line":25,"column":12}},"26":{"start":{"line":27,"column":12},"end":{"line":27,"column":12}},"27":{"start":{"line":29,"column":20},"end":{"line":29,"column":20}},"28":{"start":{"line":30,"column":24},"end":{"line":30,"column":24}},"29":{"start":{"line":31,"column":24},"end":{"line":33,"column":25}},"30":{"start":{"line":32,"column":28},"end":{"line":32,"column":28}},"31":{"start":{"line":37,"column":12},"end":{"line":37,"column":12}},"32":{"start":{"line":39,"column":20},"end":{"line":39,"column":20}},"33":{"start":{"line":40,"column":24},"end":{"line":40,"column":24}},"34":{"start":{"line":41,"column":24},"end":{"line":43,"column":25}},"35":{"start":{"line":42,"column":28},"end":{"line":42,"column":28}},"36":{"start":{"line":47,"column":12},"end":{"line":47,"column":12}},"37":{"start":{"line":48,"column":16},"end":{"line":48,"column":16}},"38":{"start":{"line":51,"column":12},"end":{"line":51,"column":12}}},"branchMap":{"1":{"line":18,"type":"cond-expr","locations":[{"start":{"line":0,"column":0},"end":{"line":0,"column":0},"skip":true},{"start":{"line":0,"column":0},"end":{"line":0,"column":0},"skip":true}]},"2":{"line":18,"type":"binary-expr","locations":[{"start":{"line":0,"column":0},"end":{"line":0,"column":0},"skip":true},{"start":{"line":0,"column":0},"end":{"line":0,"column":0},"skip":true}]},"3":{"line":33,"type":"if","locations":[{"start":{"line":13,"column":8},"end":{"line":13,"column":8}},{"start":{"line":13,"column":8},"end":{"line":13,"column":8}}]},"4":{"line":33,"type":"binary-expr","locations":[{"start":{"line":13,"column":12},"end":{"line":13,"column":12}},{"start":{"line":13,"column":31},"end":{"line":13,"column":8}}]},"5":{"line":37,"type":"cond-expr","locations":[{"start":{"line":17,"column":26},"end":{"line":17,"column":17}},{"start":{"line":17,"column":35},"end":{"line":17,"column":8}}]},"6":{"line":37,"type":"cond-expr","locations":[{"start":{"line":17,"column":64},"end":{"line":17,"column":57}},{"start":{"line":17,"column":77},"end":{"line":17,"column":42}}]},"7":{"line":39,"type":"if","locations":[{"start":{"line":20,"column":12},"end":{"line":20,"column":12}},{"start":{"line":20,"column":12},"end":{"line":20,"column":12}}]},"8":{"line":39,"type":"binary-expr","locations":[{"start":{"line":20,"column":16},"end":{"line":20,"column":16}},{"start":{"line":20,"column":35},"end":{"line":20,"column":12}}]},"9":{"line":51,"type":"if","locations":[{"start":{"line":31,"column":24},"end":{"line":31,"column":24}},{"start":{"line":31,"column":24},"end":{"line":31,"column":24}}]},"10":{"line":60,"type":"if","locations":[{"start":{"line":41,"column":24},"end":{"line":41,"column":24}},{"start":{"line":41,"column":24},"end":{"line":41,"column":24}}]}}},"/Users/zhou/Desktop/COMP531/hw5/src/components/profile/profileActions.js":{"path":"/Users/zhou/Desktop/COMP531/hw5/src/components/profile/profileActions.js","s":{"1":1,"2":1,"3":1,"4":1,"5":1,"6":1,"7":1,"8":1,"9":1,"10":1,"11":1,"12":1,"13":1,"14":1,"15":1,"16":0,"17":0,"18":0,"19":0,"20":0,"21":0,"22":0,"23":0,"24":0,"25":0,"26":1,"27":0,"28":0,"29":1,"30":0,"31":0,"32":0,"33":0,"34":0,"35":0,"36":0,"37":0,"38":1,"39":0,"40":0,"41":0,"42":0,"43":1,"44":0,"45":0,"46":0,"47":0,"48":0,"49":0,"50":0,"51":0,"52":0,"53":0,"54":1,"55":0,"56":0,"57":0,"58":0,"59":0,"60":0,"61":0,"62":0,"63":0,"64":0,"65":0,"66":1,"67":0,"68":0,"69":0,"70":0,"71":0,"72":0},"b":{"1":[1,0],"2":[1,1],"3":[1,0],"4":[1,0],"5":[0,0],"6":[0,0],"7":[0,0],"8":[0,0],"9":[0,0],"10":[0,0],"11":[0,0],"12":[0,0],"13":[0,0],"14":[0,0],"15":[0,0,0],"16":[0,0]},"f":{"1":1,"2":1,"3":0,"4":0,"5":0,"6":0,"7":0,"8":0,"9":0,"10":0,"11":0,"12":0,"13":0,"14":0,"15":0,"16":0,"17":0},"fnMap":{"1":{"name":"_interopRequireDefault","line":16,"loc":{"start":{"line":0,"column":0},"end":{"line":0,"column":0},"skip":true},"skip":true},"2":{"name":"validateProfile","line":18,"loc":{"start":{"line":6,"column":7},"end":{"line":6,"column":78}}},"3":{"name":"updateHeadline","line":54,"loc":{"start":{"line":35,"column":7},"end":{"line":35,"column":41}}},"4":{"name":"(anonymous_4)","line":55,"loc":{"start":{"line":36,"column":11},"end":{"line":36,"column":25}}},"5":{"name":"updateProfile","line":60,"loc":{"start":{"line":41,"column":7},"end":{"line":41,"column":66}}},"6":{"name":"(anonymous_6)","line":66,"loc":{"start":{"line":42,"column":11},"end":{"line":42,"column":25}}},"7":{"name":"fetchProfile","line":77,"loc":{"start":{"line":53,"column":7},"end":{"line":53,"column":31}}},"8":{"name":"(anonymous_8)","line":78,"loc":{"start":{"line":54,"column":11},"end":{"line":54,"column":25}}},"9":{"name":"updateField","line":85,"loc":{"start":{"line":61,"column":0},"end":{"line":61,"column":35}}},"10":{"name":"(anonymous_10)","line":86,"loc":{"start":{"line":62,"column":11},"end":{"line":62,"column":25}}},"11":{"name":"(anonymous_11)","line":90,"loc":{"start":{"line":66,"column":49},"end":{"line":66,"column":63}}},"12":{"name":"fetchField","line":99,"loc":{"start":{"line":78,"column":0},"end":{"line":78,"column":27}}},"13":{"name":"(anonymous_13)","line":100,"loc":{"start":{"line":79,"column":11},"end":{"line":79,"column":25}}},"14":{"name":"(anonymous_14)","line":101,"loc":{"start":{"line":80,"column":36},"end":{"line":80,"column":50}}},"15":{"name":"uploadImage","line":116,"loc":{"start":{"line":95,"column":7},"end":{"line":95,"column":34}}},"16":{"name":"(anonymous_16)","line":117,"loc":{"start":{"line":96,"column":11},"end":{"line":96,"column":25}}},"17":{"name":"(anonymous_17)","line":121,"loc":{"start":{"line":101,"column":18},"end":{"line":101,"column":32}}}},"statementMap":{"1":{"start":{"line":0,"column":0},"end":{"line":0,"column":0},"skip":true},"2":{"start":{"line":0,"column":0},"end":{"line":0,"column":0},"skip":true},"3":{"start":{"line":0,"column":0},"end":{"line":0,"column":0},"skip":true},"4":{"start":{"line":0,"column":0},"end":{"line":0,"column":0},"skip":true},"5":{"start":{"line":0,"column":0},"end":{"line":0,"column":0},"skip":true},"6":{"start":{"line":0,"column":0},"end":{"line":0,"column":0},"skip":true},"7":{"start":{"line":4,"column":0},"end":{"line":4,"column":0}},"8":{"start":{"line":0,"column":0},"end":{"line":0,"column":0},"skip":true},"9":{"start":{"line":0,"column":0},"end":{"line":0,"column":0},"skip":true},"10":{"start":{"line":0,"column":0},"end":{"line":0,"column":0},"skip":true},"11":{"start":{"line":0,"column":0},"end":{"line":0,"column":0},"skip":true},"12":{"start":{"line":6,"column":78},"end":{"line":6,"column":78}},"13":{"start":{"line":7,"column":4},"end":{"line":11,"column":5}},"14":{"start":{"line":8,"column":8},"end":{"line":10,"column":9}},"15":{"start":{"line":9,"column":12},"end":{"line":9,"column":12}},"16":{"start":{"line":13,"column":4},"end":{"line":17,"column":5}},"17":{"start":{"line":14,"column":8},"end":{"line":16,"column":9}},"18":{"start":{"line":15,"column":12},"end":{"line":15,"column":12}},"19":{"start":{"line":19,"column":4},"end":{"line":23,"column":5}},"20":{"start":{"line":20,"column":8},"end":{"line":22,"column":9}},"21":{"start":{"line":21,"column":12},"end":{"line":21,"column":12}},"22":{"start":{"line":25,"column":4},"end":{"line":30,"column":5}},"23":{"start":{"line":26,"column":8},"end":{"line":28,"column":9}},"24":{"start":{"line":27,"column":12},"end":{"line":27,"column":12}},"25":{"start":{"line":32,"column":4},"end":{"line":32,"column":4}},"26":{"start":{"line":35,"column":7},"end":{"line":39,"column":1}},"27":{"start":{"line":36,"column":4},"end":{"line":36,"column":4}},"28":{"start":{"line":37,"column":8},"end":{"line":37,"column":8}},"29":{"start":{"line":41,"column":7},"end":{"line":51,"column":1}},"30":{"start":{"line":41,"column":66},"end":{"line":41,"column":66}},"31":{"start":{"line":42,"column":4},"end":{"line":42,"column":4}},"32":{"start":{"line":43,"column":8},"end":{"line":43,"column":8}},"33":{"start":{"line":44,"column":8},"end":{"line":46,"column":9}},"34":{"start":{"line":45,"column":12},"end":{"line":45,"column":12}},"35":{"start":{"line":47,"column":8},"end":{"line":47,"column":8}},"36":{"start":{"line":48,"column":8},"end":{"line":48,"column":8}},"37":{"start":{"line":49,"column":8},"end":{"line":49,"column":8}},"38":{"start":{"line":53,"column":7},"end":{"line":59,"column":1}},"39":{"start":{"line":54,"column":4},"end":{"line":54,"column":4}},"40":{"start":{"line":55,"column":8},"end":{"line":55,"column":8}},"41":{"start":{"line":56,"column":8},"end":{"line":56,"column":8}},"42":{"start":{"line":57,"column":8},"end":{"line":57,"column":8}},"43":{"start":{"line":61,"column":0},"end":{"line":76,"column":1}},"44":{"start":{"line":62,"column":4},"end":{"line":62,"column":4}},"45":{"start":{"line":63,"column":8},"end":{"line":74,"column":9}},"46":{"start":{"line":64,"column":12},"end":{"line":64,"column":12}},"47":{"start":{"line":65,"column":12},"end":{"line":65,"column":12}},"48":{"start":{"line":66,"column":12},"end":{"line":66,"column":12}},"49":{"start":{"line":67,"column":16},"end":{"line":67,"column":16}},"50":{"start":{"line":68,"column":16},"end":{"line":68,"column":16}},"51":{"start":{"line":69,"column":16},"end":{"line":72,"column":20}},"52":{"start":{"line":70,"column":20},"end":{"line":69,"column":16}},"53":{"start":{"line":72,"column":20},"end":{"line":72,"column":20}},"54":{"start":{"line":78,"column":0},"end":{"line":93,"column":1}},"55":{"start":{"line":79,"column":4},"end":{"line":79,"column":4}},"56":{"start":{"line":80,"column":8},"end":{"line":80,"column":8}},"57":{"start":{"line":81,"column":12},"end":{"line":81,"column":12}},"58":{"start":{"line":82,"column":12},"end":{"line":82,"column":12}},"59":{"start":{"line":84,"column":20},"end":{"line":84,"column":64}},"60":{"start":{"line":84,"column":64},"end":{"line":84,"column":64}},"61":{"start":{"line":86,"column":20},"end":{"line":86,"column":51}},"62":{"start":{"line":86,"column":51},"end":{"line":86,"column":51}},"63":{"start":{"line":88,"column":20},"end":{"line":88,"column":55}},"64":{"start":{"line":88,"column":55},"end":{"line":88,"column":55}},"65":{"start":{"line":90,"column":12},"end":{"line":90,"column":12}},"66":{"start":{"line":95,"column":7},"end":{"line":106,"column":1}},"67":{"start":{"line":96,"column":4},"end":{"line":96,"column":4}},"68":{"start":{"line":97,"column":8},"end":{"line":104,"column":9}},"69":{"start":{"line":98,"column":12},"end":{"line":98,"column":12}},"70":{"start":{"line":99,"column":12},"end":{"line":99,"column":12}},"71":{"start":{"line":100,"column":12},"end":{"line":100,"column":12}},"72":{"start":{"line":102,"column":16},"end":{"line":102,"column":16}}},"branchMap":{"1":{"line":16,"type":"cond-expr","locations":[{"start":{"line":0,"column":0},"end":{"line":0,"column":0},"skip":true},{"start":{"line":0,"column":0},"end":{"line":0,"column":0},"skip":true}]},"2":{"line":16,"type":"binary-expr","locations":[{"start":{"line":0,"column":0},"end":{"line":0,"column":0},"skip":true},{"start":{"line":0,"column":0},"end":{"line":0,"column":0},"skip":true}]},"3":{"line":25,"type":"if","locations":[{"start":{"line":7,"column":4},"end":{"line":7,"column":4}},{"start":{"line":7,"column":4},"end":{"line":7,"column":4}}]},"4":{"line":26,"type":"if","locations":[{"start":{"line":8,"column":8},"end":{"line":8,"column":8}},{"start":{"line":8,"column":8},"end":{"line":8,"column":8}}]},"5":{"line":31,"type":"if","locations":[{"start":{"line":13,"column":4},"end":{"line":13,"column":4}},{"start":{"line":13,"column":4},"end":{"line":13,"column":4}}]},"6":{"line":32,"type":"if","locations":[{"start":{"line":14,"column":8},"end":{"line":14,"column":8}},{"start":{"line":14,"column":8},"end":{"line":14,"column":8}}]},"7":{"line":37,"type":"if","locations":[{"start":{"line":19,"column":4},"end":{"line":19,"column":4}},{"start":{"line":19,"column":4},"end":{"line":19,"column":4}}]},"8":{"line":38,"type":"if","locations":[{"start":{"line":20,"column":8},"end":{"line":20,"column":8}},{"start":{"line":20,"column":8},"end":{"line":20,"column":8}}]},"9":{"line":43,"type":"if","locations":[{"start":{"line":25,"column":4},"end":{"line":25,"column":4}},{"start":{"line":25,"column":4},"end":{"line":25,"column":4}}]},"10":{"line":43,"type":"binary-expr","locations":[{"start":{"line":25,"column":8},"end":{"line":25,"column":8}},{"start":{"line":25,"column":20},"end":{"line":25,"column":4}}]},"11":{"line":44,"type":"if","locations":[{"start":{"line":26,"column":8},"end":{"line":26,"column":8}},{"start":{"line":26,"column":8},"end":{"line":26,"column":8}}]},"12":{"line":68,"type":"if","locations":[{"start":{"line":44,"column":8},"end":{"line":44,"column":8}},{"start":{"line":44,"column":8},"end":{"line":44,"column":8}}]},"13":{"line":87,"type":"if","locations":[{"start":{"line":63,"column":8},"end":{"line":63,"column":8}},{"start":{"line":63,"column":8},"end":{"line":63,"column":8}}]},"14":{"line":93,"type":"if","locations":[{"start":{"line":69,"column":16},"end":{"line":69,"column":16}},{"start":{"line":69,"column":16},"end":{"line":69,"column":16}}]},"15":{"line":103,"type":"switch","locations":[{"start":{"line":83,"column":16},"end":{"line":84,"column":64}},{"start":{"line":85,"column":16},"end":{"line":86,"column":51}},{"start":{"line":87,"column":16},"end":{"line":88,"column":55}}]},"16":{"line":118,"type":"if","locations":[{"start":{"line":97,"column":8},"end":{"line":97,"column":8}},{"start":{"line":97,"column":8},"end":{"line":97,"column":8}}]}}},"/Users/zhou/Desktop/COMP531/hw5/src/components/main/main.js":{"path":"/Users/zhou/Desktop/COMP531/hw5/src/components/main/main.js","s":{"1":1,"2":1,"3":1,"4":1,"5":1,"6":1,"7":1,"8":1,"9":1,"10":1,"11":4,"12":1,"13":0,"14":1},"b":{"1":[3,1],"2":[4,4]},"f":{"1":4,"2":0},"fnMap":{"1":{"name":"_interopRequireDefault","line":23,"loc":{"start":{"line":0,"column":0},"end":{"line":0,"column":0},"skip":true},"skip":true},"2":{"name":"Main","line":29,"loc":{"start":{"line":11,"column":13},"end":{"line":11,"column":13}}}},"statementMap":{"1":{"start":{"line":0,"column":0},"end":{"line":0,"column":0},"skip":true},"2":{"start":{"line":4,"column":0},"end":{"line":4,"column":0}},"3":{"start":{"line":0,"column":0},"end":{"line":0,"column":0},"skip":true},"4":{"start":{"line":6,"column":0},"end":{"line":6,"column":0}},"5":{"start":{"line":0,"column":0},"end":{"line":0,"column":0},"skip":true},"6":{"start":{"line":7,"column":0},"end":{"line":7,"column":0}},"7":{"start":{"line":0,"column":0},"end":{"line":0,"column":0},"skip":true},"8":{"start":{"line":8,"column":0},"end":{"line":8,"column":0}},"9":{"start":{"line":0,"column":0},"end":{"line":0,"column":0},"skip":true},"10":{"start":{"line":0,"column":0},"end":{"line":0,"column":0},"skip":true},"11":{"start":{"line":0,"column":0},"end":{"line":0,"column":0},"skip":true},"12":{"start":{"line":11,"column":0},"end":{"line":11,"column":0}},"13":{"start":{"line":11,"column":13},"end":{"line":11,"column":13}},"14":{"start":{"line":0,"column":0},"end":{"line":0,"column":0},"skip":true}},"branchMap":{"1":{"line":23,"type":"cond-expr","locations":[{"start":{"line":0,"column":0},"end":{"line":0,"column":0},"skip":true},{"start":{"line":0,"column":0},"end":{"line":0,"column":0},"skip":true}]},"2":{"line":23,"type":"binary-expr","locations":[{"start":{"line":0,"column":0},"end":{"line":0,"column":0},"skip":true},{"start":{"line":0,"column":0},"end":{"line":0,"column":0},"skip":true}]}}},"/Users/zhou/Desktop/COMP531/hw5/src/components/main/headline.js":{"path":"/Users/zhou/Desktop/COMP531/hw5/src/components/main/headline.js","s":{"1":1,"2":1,"3":1,"4":1,"5":1,"6":1,"7":1,"8":1,"9":1,"10":1,"11":1,"12":1,"13":1,"14":1,"15":0,"16":1,"17":1,"18":1,"19":1,"20":1,"21":1,"22":1,"23":1,"24":0,"25":0,"26":1,"27":0,"28":0,"29":0,"30":1,"31":1,"32":0,"33":1,"34":1,"35":1,"36":1,"37":1,"38":1,"39":0,"40":0,"41":1,"42":0,"43":0,"44":0,"45":0,"46":0,"47":0,"48":1,"49":1,"50":0},"b":{"1":[1,1],"2":[1,0],"3":[1,0],"4":[0,1],"5":[0,1],"6":[1,1],"7":[0,0],"8":[0,0],"9":[0,0],"10":[0,0,0],"11":[0,1],"12":[1,0],"13":[1,1],"14":[1,0],"15":[1,0],"16":[0,0],"17":[0,0],"18":[0,0]},"f":{"1":1,"2":1,"3":1,"4":1,"5":0,"6":0,"7":1,"8":1,"9":0,"10":0,"11":0,"12":0,"13":0,"14":0},"fnMap":{"1":{"name":"(anonymous_1)","line":7,"loc":{"start":{"line":0,"column":0},"end":{"line":0,"column":0},"skip":true},"skip":true},"2":{"name":"defineProperties","line":7,"loc":{"start":{"line":0,"column":0},"end":{"line":0,"column":0},"skip":true},"skip":true},"3":{"name":"(anonymous_3)","line":7,"loc":{"start":{"line":0,"column":0},"end":{"line":0,"column":0},"skip":true},"skip":true},"4":{"name":"_interopRequireDefault","line":17,"loc":{"start":{"line":0,"column":0},"end":{"line":0,"column":0},"skip":true},"skip":true},"5":{"name":"_classCallCheck","line":19,"loc":{"start":{"line":0,"column":0},"end":{"line":0,"column":0},"skip":true},"skip":true},"6":{"name":"_possibleConstructorReturn","line":21,"loc":{"start":{"line":0,"column":0},"end":{"line":0,"column":0},"skip":true},"skip":true},"7":{"name":"_inherits","line":23,"loc":{"start":{"line":0,"column":0},"end":{"line":0,"column":0},"skip":true},"skip":true},"8":{"name":"(anonymous_8)","line":29,"loc":{"start":{"line":0,"column":0},"end":{"line":0,"column":0},"skip":true},"skip":true},"9":{"name":"Headline","line":32,"loc":{"start":{"line":0,"column":0},"end":{"line":0,"column":0},"skip":true},"skip":true},"10":{"name":"render","line":40,"loc":{"start":{"line":0,"column":0},"end":{"line":0,"column":0},"skip":true},"skip":true},"11":{"name":"ref","line":99,"loc":{"start":{"line":41,"column":30},"end":{"line":41,"column":40}}},"12":{"name":"onChange","line":102,"loc":{"start":{"line":42,"column":34},"end":{"line":42,"column":34}}},"13":{"name":"onClick","line":113,"loc":{"start":{"line":51,"column":33},"end":{"line":51,"column":39}}},"14":{"name":"(anonymous_14)","line":126,"loc":{"start":{"line":62,"column":4},"end":{"line":62,"column":15}}}},"statementMap":{"1":{"start":{"line":0,"column":0},"end":{"line":0,"column":0},"skip":true},"2":{"start":{"line":0,"column":0},"end":{"line":0,"column":0},"skip":true},"3":{"start":{"line":0,"column":0},"end":{"line":0,"column":0},"skip":true},"4":{"start":{"line":0,"column":0},"end":{"line":0,"column":0},"skip":true},"5":{"start":{"line":0,"column":0},"end":{"line":0,"column":0},"skip":true},"6":{"start":{"line":0,"column":0},"end":{"line":0,"column":0},"skip":true},"7":{"start":{"line":0,"column":0},"end":{"line":0,"column":0},"skip":true},"8":{"start":{"line":0,"column":0},"end":{"line":0,"column":0},"skip":true},"9":{"start":{"line":0,"column":0},"end":{"line":0,"column":0},"skip":true},"10":{"start":{"line":0,"column":0},"end":{"line":0,"column":0},"skip":true},"11":{"start":{"line":0,"column":0},"end":{"line":0,"column":0},"skip":true},"12":{"start":{"line":0,"column":0},"end":{"line":0,"column":0},"skip":true},"13":{"start":{"line":0,"column":0},"end":{"line":0,"column":0},"skip":true},"14":{"start":{"line":0,"column":0},"end":{"line":0,"column":0},"skip":true},"15":{"start":{"line":0,"column":0},"end":{"line":0,"column":0},"skip":true},"16":{"start":{"line":0,"column":0},"end":{"line":0,"column":0},"skip":true},"17":{"start":{"line":4,"column":0},"end":{"line":4,"column":0}},"18":{"start":{"line":0,"column":0},"end":{"line":0,"column":0},"skip":true},"19":{"start":{"line":5,"column":0},"end":{"line":5,"column":0}},"20":{"start":{"line":6,"column":0},"end":{"line":6,"column":0}},"21":{"start":{"line":0,"column":0},"end":{"line":0,"column":0},"skip":true},"22":{"start":{"line":0,"column":0},"end":{"line":0,"column":0},"skip":true},"23":{"start":{"line":0,"column":0},"end":{"line":0,"column":0},"skip":true},"24":{"start":{"line":0,"column":0},"end":{"line":0,"column":0},"skip":true},"25":{"start":{"line":0,"column":0},"end":{"line":0,"column":0},"skip":true},"26":{"start":{"line":0,"column":0},"end":{"line":0,"column":0},"skip":true},"27":{"start":{"line":0,"column":0},"end":{"line":0,"column":0},"skip":true},"28":{"start":{"line":0,"column":0},"end":{"line":0,"column":0},"skip":true},"29":{"start":{"line":0,"column":0},"end":{"line":0,"column":0},"skip":true},"30":{"start":{"line":0,"column":0},"end":{"line":0,"column":0},"skip":true},"31":{"start":{"line":0,"column":0},"end":{"line":0,"column":0},"skip":true},"32":{"start":{"line":0,"column":0},"end":{"line":0,"column":0},"skip":true},"33":{"start":{"line":0,"column":0},"end":{"line":0,"column":0},"skip":true},"34":{"start":{"line":0,"column":0},"end":{"line":0,"column":0},"skip":true},"35":{"start":{"line":0,"column":0},"end":{"line":0,"column":0},"skip":true},"36":{"start":{"line":0,"column":0},"end":{"line":0,"column":0},"skip":true},"37":{"start":{"line":0,"column":0},"end":{"line":0,"column":0},"skip":true},"38":{"start":{"line":0,"column":0},"end":{"line":0,"column":0},"skip":true},"39":{"start":{"line":0,"column":0},"end":{"line":0,"column":0},"skip":true},"40":{"start":{"line":0,"column":0},"end":{"line":0,"column":0},"skip":true},"41":{"start":{"line":0,"column":0},"end":{"line":0,"column":0},"skip":true},"42":{"start":{"line":11,"column":13},"end":{"line":11,"column":13}},"43":{"start":{"line":11,"column":15},"end":{"line":11,"column":15}},"44":{"start":{"line":41,"column":42},"end":{"line":41,"column":42}},"45":{"start":{"line":42,"column":34},"end":{"line":42,"column":34}},"46":{"start":{"line":52,"column":28},"end":{"line":52,"column":28}},"47":{"start":{"line":53,"column":28},"end":{"line":53,"column":28}},"48":{"start":{"line":0,"column":0},"end":{"line":0,"column":0},"skip":true},"49":{"start":{"line":0,"column":0},"end":{"line":0,"column":0},"skip":true},"50":{"start":{"line":63,"column":8},"end":{"line":63,"column":8}}},"branchMap":{"1":{"line":7,"type":"binary-expr","locations":[{"start":{"line":0,"column":0},"end":{"line":0,"column":0},"skip":true},{"start":{"line":0,"column":0},"end":{"line":0,"column":0},"skip":true}]},"2":{"line":7,"type":"if","locations":[{"start":{"line":0,"column":0},"end":{"line":0,"column":0},"skip":true},{"start":{"line":0,"column":0},"end":{"line":0,"column":0},"skip":true}]},"3":{"line":7,"type":"if","locations":[{"start":{"line":0,"column":0},"end":{"line":0,"column":0},"skip":true},{"start":{"line":0,"column":0},"end":{"line":0,"column":0},"skip":true}]},"4":{"line":7,"type":"if","locations":[{"start":{"line":0,"column":0},"end":{"line":0,"column":0},"skip":true},{"start":{"line":0,"column":0},"end":{"line":0,"column":0},"skip":true}]},"5":{"line":17,"type":"cond-expr","locations":[{"start":{"line":0,"column":0},"end":{"line":0,"column":0},"skip":true},{"start":{"line":0,"column":0},"end":{"line":0,"column":0},"skip":true}]},"6":{"line":17,"type":"binary-expr","locations":[{"start":{"line":0,"column":0},"end":{"line":0,"column":0},"skip":true},{"start":{"line":0,"column":0},"end":{"line":0,"column":0},"skip":true}]},"7":{"line":19,"type":"if","locations":[{"start":{"line":0,"column":0},"end":{"line":0,"column":0},"skip":true},{"start":{"line":0,"column":0},"end":{"line":0,"column":0},"skip":true}]},"8":{"line":21,"type":"if","locations":[{"start":{"line":0,"column":0},"end":{"line":0,"column":0},"skip":true},{"start":{"line":0,"column":0},"end":{"line":0,"column":0},"skip":true}]},"9":{"line":21,"type":"cond-expr","locations":[{"start":{"line":0,"column":0},"end":{"line":0,"column":0},"skip":true},{"start":{"line":0,"column":0},"end":{"line":0,"column":0},"skip":true}]},"10":{"line":21,"type":"binary-expr","locations":[{"start":{"line":0,"column":0},"end":{"line":0,"column":0},"skip":true},{"start":{"line":0,"column":0},"end":{"line":0,"column":0},"skip":true},{"start":{"line":0,"column":0},"end":{"line":0,"column":0},"skip":true}]},"11":{"line":23,"type":"if","locations":[{"start":{"line":0,"column":0},"end":{"line":0,"column":0},"skip":true},{"start":{"line":0,"column":0},"end":{"line":0,"column":0},"skip":true}]},"12":{"line":23,"type":"binary-expr","locations":[{"start":{"line":0,"column":0},"end":{"line":0,"column":0},"skip":true},{"start":{"line":0,"column":0},"end":{"line":0,"column":0},"skip":true}]},"13":{"line":23,"type":"binary-expr","locations":[{"start":{"line":0,"column":0},"end":{"line":0,"column":0},"skip":true},{"start":{"line":0,"column":0},"end":{"line":0,"column":0},"skip":true}]},"14":{"line":23,"type":"if","locations":[{"start":{"line":0,"column":0},"end":{"line":0,"column":0},"skip":true},{"start":{"line":0,"column":0},"end":{"line":0,"column":0},"skip":true}]},"15":{"line":23,"type":"cond-expr","locations":[{"start":{"line":0,"column":0},"end":{"line":0,"column":0},"skip":true},{"start":{"line":0,"column":0},"end":{"line":0,"column":0},"skip":true}]},"16":{"line":35,"type":"binary-expr","locations":[{"start":{"line":0,"column":0},"end":{"line":0,"column":0},"skip":true},{"start":{"line":0,"column":0},"end":{"line":0,"column":0},"skip":true}]},"17":{"line":108,"type":"cond-expr","locations":[{"start":{"line":47,"column":75},"end":{"line":47,"column":16}},{"start":{"line":48,"column":16},"end":{"line":48,"column":16}}]},"18":{"line":108,"type":"binary-expr","locations":[{"start":{"line":47,"column":18},"end":{"line":47,"column":18}},{"start":{"line":47,"column":38},"end":{"line":47,"column":16}}]}}},"/Users/zhou/Desktop/COMP531/hw5/src/components/main/following.js":{"path":"/Users/zhou/Desktop/COMP531/hw5/src/components/main/following.js","s":{"1":1,"2":1,"3":1,"4":1,"5":1,"6":1,"7":1,"8":1,"9":1,"10":1,"11":1,"12":1,"13":1,"14":1,"15":0,"16":1,"17":1,"18":1,"19":1,"20":1,"21":1,"22":1,"23":1,"24":0,"25":0,"26":1,"27":0,"28":0,"29":0,"30":1,"31":1,"32":0,"33":1,"34":1,"35":1,"36":1,"37":0,"38":0,"39":0,"40":1,"41":1,"42":1,"43":1,"44":0,"45":0,"46":1,"47":0,"48":0,"49":0,"50":0,"51":0,"52":0,"53":0,"54":0,"55":0,"56":1,"57":1,"58":1,"59":0},"b":{"1":[1,1],"2":[1,0],"3":[1,0],"4":[0,1],"5":[0,1],"6":[1,1],"7":[0,0],"8":[0,0],"9":[0,0],"10":[0,0,0],"11":[0,1],"12":[1,0],"13":[1,1],"14":[1,0],"15":[1,0],"16":[0,0],"17":[0,0],"18":[0,0,0],"19":[0,0]},"f":{"1":1,"2":1,"3":1,"4":1,"5":0,"6":0,"7":1,"8":0,"9":0,"10":1,"11":0,"12":0,"13":0,"14":0,"15":0,"16":0,"17":0,"18":0},"fnMap":{"1":{"name":"(anonymous_1)","line":7,"loc":{"start":{"line":0,"column":0},"end":{"line":0,"column":0},"skip":true},"skip":true},"2":{"name":"defineProperties","line":7,"loc":{"start":{"line":0,"column":0},"end":{"line":0,"column":0},"skip":true},"skip":true},"3":{"name":"(anonymous_3)","line":7,"loc":{"start":{"line":0,"column":0},"end":{"line":0,"column":0},"skip":true},"skip":true},"4":{"name":"_interopRequireDefault","line":17,"loc":{"start":{"line":0,"column":0},"end":{"line":0,"column":0},"skip":true},"skip":true},"5":{"name":"_classCallCheck","line":19,"loc":{"start":{"line":0,"column":0},"end":{"line":0,"column":0},"skip":true},"skip":true},"6":{"name":"_possibleConstructorReturn","line":21,"loc":{"start":{"line":0,"column":0},"end":{"line":0,"column":0},"skip":true},"skip":true},"7":{"name":"_inherits","line":23,"loc":{"start":{"line":0,"column":0},"end":{"line":0,"column":0},"skip":true},"skip":true},"8":{"name":"Follower","line":29,"loc":{"start":{"line":10,"column":17},"end":{"line":10,"column":17}}},"9":{"name":"onClick","line":53,"loc":{"start":{"line":16,"column":58},"end":{"line":16,"column":64}}},"10":{"name":"(anonymous_10)","line":70,"loc":{"start":{"line":0,"column":0},"end":{"line":0,"column":0},"skip":true},"skip":true},"11":{"name":"Following","line":73,"loc":{"start":{"line":0,"column":0},"end":{"line":0,"column":0},"skip":true},"skip":true},"12":{"name":"render","line":81,"loc":{"start":{"line":0,"column":0},"end":{"line":0,"column":0},"skip":true},"skip":true},"13":{"name":"(anonymous_13)","line":88,"loc":{"start":{"line":33,"column":65},"end":{"line":33,"column":65}}},"14":{"name":"(anonymous_14)","line":90,"loc":{"start":{"line":33,"column":101},"end":{"line":33,"column":101}}},"15":{"name":"ref","line":105,"loc":{"start":{"line":42,"column":29},"end":{"line":42,"column":29}}},"16":{"name":"onChange","line":108,"loc":{"start":{"line":43,"column":34},"end":{"line":43,"column":41}}},"17":{"name":"onClick","line":113,"loc":{"start":{"line":49,"column":33},"end":{"line":49,"column":39}}},"18":{"name":"(anonymous_18)","line":137,"loc":{"start":{"line":72,"column":4},"end":{"line":72,"column":15}}}},"statementMap":{"1":{"start":{"line":0,"column":0},"end":{"line":0,"column":0},"skip":true},"2":{"start":{"line":0,"column":0},"end":{"line":0,"column":0},"skip":true},"3":{"start":{"line":0,"column":0},"end":{"line":0,"column":0},"skip":true},"4":{"start":{"line":0,"column":0},"end":{"line":0,"column":0},"skip":true},"5":{"start":{"line":0,"column":0},"end":{"line":0,"column":0},"skip":true},"6":{"start":{"line":0,"column":0},"end":{"line":0,"column":0},"skip":true},"7":{"start":{"line":0,"column":0},"end":{"line":0,"column":0},"skip":true},"8":{"start":{"line":0,"column":0},"end":{"line":0,"column":0},"skip":true},"9":{"start":{"line":0,"column":0},"end":{"line":0,"column":0},"skip":true},"10":{"start":{"line":0,"column":0},"end":{"line":0,"column":0},"skip":true},"11":{"start":{"line":0,"column":0},"end":{"line":0,"column":0},"skip":true},"12":{"start":{"line":0,"column":0},"end":{"line":0,"column":0},"skip":true},"13":{"start":{"line":0,"column":0},"end":{"line":0,"column":0},"skip":true},"14":{"start":{"line":0,"column":0},"end":{"line":0,"column":0},"skip":true},"15":{"start":{"line":0,"column":0},"end":{"line":0,"column":0},"skip":true},"16":{"start":{"line":0,"column":0},"end":{"line":0,"column":0},"skip":true},"17":{"start":{"line":4,"column":0},"end":{"line":4,"column":0}},"18":{"start":{"line":0,"column":0},"end":{"line":0,"column":0},"skip":true},"19":{"start":{"line":5,"column":0},"end":{"line":5,"column":0}},"20":{"start":{"line":7,"column":0},"end":{"line":7,"column":0}},"21":{"start":{"line":0,"column":0},"end":{"line":0,"column":0},"skip":true},"22":{"start":{"line":0,"column":0},"end":{"line":0,"column":0},"skip":true},"23":{"start":{"line":0,"column":0},"end":{"line":0,"column":0},"skip":true},"24":{"start":{"line":0,"column":0},"end":{"line":0,"column":0},"skip":true},"25":{"start":{"line":0,"column":0},"end":{"line":0,"column":0},"skip":true},"26":{"start":{"line":0,"column":0},"end":{"line":0,"column":0},"skip":true},"27":{"start":{"line":0,"column":0},"end":{"line":0,"column":0},"skip":true},"28":{"start":{"line":0,"column":0},"end":{"line":0,"column":0},"skip":true},"29":{"start":{"line":0,"column":0},"end":{"line":0,"column":0},"skip":true},"30":{"start":{"line":0,"column":0},"end":{"line":0,"column":0},"skip":true},"31":{"start":{"line":0,"column":0},"end":{"line":0,"column":0},"skip":true},"32":{"start":{"line":0,"column":0},"end":{"line":0,"column":0},"skip":true},"33":{"start":{"line":0,"column":0},"end":{"line":0,"column":0},"skip":true},"34":{"start":{"line":0,"column":0},"end":{"line":0,"column":0},"skip":true},"35":{"start":{"line":0,"column":0},"end":{"line":0,"column":0},"skip":true},"36":{"start":{"line":10,"column":0},"end":{"line":10,"column":0}},"37":{"start":{"line":10,"column":17},"end":{"line":10,"column":17}},"38":{"start":{"line":10,"column":17},"end":{"line":10,"column":17}},"39":{"start":{"line":16,"column":66},"end":{"line":16,"column":66}},"40":{"start":{"line":22,"column":0},"end":{"line":22,"column":0}},"41":{"start":{"line":0,"column":0},"end":{"line":0,"column":0},"skip":true},"42":{"start":{"line":0,"column":0},"end":{"line":0,"column":0},"skip":true},"43":{"start":{"line":0,"column":0},"end":{"line":0,"column":0},"skip":true},"44":{"start":{"line":0,"column":0},"end":{"line":0,"column":0},"skip":true},"45":{"start":{"line":0,"column":0},"end":{"line":0,"column":0},"skip":true},"46":{"start":{"line":0,"column":0},"end":{"line":0,"column":0},"skip":true},"47":{"start":{"line":30,"column":13},"end":{"line":30,"column":13}},"48":{"start":{"line":30,"column":15},"end":{"line":30,"column":15}},"49":{"start":{"line":33,"column":65},"end":{"line":33,"column":65}},"50":{"start":{"line":33,"column":101},"end":{"line":33,"column":101}},"51":{"start":{"line":42,"column":29},"end":{"line":42,"column":29}},"52":{"start":{"line":44,"column":28},"end":{"line":44,"column":28}},"53":{"start":{"line":50,"column":28},"end":{"line":50,"column":28}},"54":{"start":{"line":51,"column":28},"end":{"line":51,"column":28}},"55":{"start":{"line":52,"column":28},"end":{"line":52,"column":28}},"56":{"start":{"line":0,"column":0},"end":{"line":0,"column":0},"skip":true},"57":{"start":{"line":66,"column":0},"end":{"line":66,"column":0}},"58":{"start":{"line":0,"column":0},"end":{"line":0,"column":0},"skip":true},"59":{"start":{"line":73,"column":8},"end":{"line":73,"column":8}}},"branchMap":{"1":{"line":7,"type":"binary-expr","locations":[{"start":{"line":0,"column":0},"end":{"line":0,"column":0},"skip":true},{"start":{"line":0,"column":0},"end":{"line":0,"column":0},"skip":true}]},"2":{"line":7,"type":"if","locations":[{"start":{"line":0,"column":0},"end":{"line":0,"column":0},"skip":true},{"start":{"line":0,"column":0},"end":{"line":0,"column":0},"skip":true}]},"3":{"line":7,"type":"if","locations":[{"start":{"line":0,"column":0},"end":{"line":0,"column":0},"skip":true},{"start":{"line":0,"column":0},"end":{"line":0,"column":0},"skip":true}]},"4":{"line":7,"type":"if","locations":[{"start":{"line":0,"column":0},"end":{"line":0,"column":0},"skip":true},{"start":{"line":0,"column":0},"end":{"line":0,"column":0},"skip":true}]},"5":{"line":17,"type":"cond-expr","locations":[{"start":{"line":0,"column":0},"end":{"line":0,"column":0},"skip":true},{"start":{"line":0,"column":0},"end":{"line":0,"column":0},"skip":true}]},"6":{"line":17,"type":"binary-expr","locations":[{"start":{"line":0,"column":0},"end":{"line":0,"column":0},"skip":true},{"start":{"line":0,"column":0},"end":{"line":0,"column":0},"skip":true}]},"7":{"line":19,"type":"if","locations":[{"start":{"line":0,"column":0},"end":{"line":0,"column":0},"skip":true},{"start":{"line":0,"column":0},"end":{"line":0,"column":0},"skip":true}]},"8":{"line":21,"type":"if","locations":[{"start":{"line":0,"column":0},"end":{"line":0,"column":0},"skip":true},{"start":{"line":0,"column":0},"end":{"line":0,"column":0},"skip":true}]},"9":{"line":21,"type":"cond-expr","locations":[{"start":{"line":0,"column":0},"end":{"line":0,"column":0},"skip":true},{"start":{"line":0,"column":0},"end":{"line":0,"column":0},"skip":true}]},"10":{"line":21,"type":"binary-expr","locations":[{"start":{"line":0,"column":0},"end":{"line":0,"column":0},"skip":true},{"start":{"line":0,"column":0},"end":{"line":0,"column":0},"skip":true},{"start":{"line":0,"column":0},"end":{"line":0,"column":0},"skip":true}]},"11":{"line":23,"type":"if","locations":[{"start":{"line":0,"column":0},"end":{"line":0,"column":0},"skip":true},{"start":{"line":0,"column":0},"end":{"line":0,"column":0},"skip":true}]},"12":{"line":23,"type":"binary-expr","locations":[{"start":{"line":0,"column":0},"end":{"line":0,"column":0},"skip":true},{"start":{"line":0,"column":0},"end":{"line":0,"column":0},"skip":true}]},"13":{"line":23,"type":"binary-expr","locations":[{"start":{"line":0,"column":0},"end":{"line":0,"column":0},"skip":true},{"start":{"line":0,"column":0},"end":{"line":0,"column":0},"skip":true}]},"14":{"line":23,"type":"if","locations":[{"start":{"line":0,"column":0},"end":{"line":0,"column":0},"skip":true},{"start":{"line":0,"column":0},"end":{"line":0,"column":0},"skip":true}]},"15":{"line":23,"type":"cond-expr","locations":[{"start":{"line":0,"column":0},"end":{"line":0,"column":0},"skip":true},{"start":{"line":0,"column":0},"end":{"line":0,"column":0},"skip":true}]},"16":{"line":76,"type":"binary-expr","locations":[{"start":{"line":0,"column":0},"end":{"line":0,"column":0},"skip":true},{"start":{"line":0,"column":0},"end":{"line":0,"column":0},"skip":true}]},"17":{"line":112,"type":"cond-expr","locations":[{"start":{"line":47,"column":105},"end":{"line":47,"column":20}},{"start":{"line":48,"column":20},"end":{"line":39,"column":16}}]},"18":{"line":112,"type":"binary-expr","locations":[{"start":{"line":47,"column":22},"end":{"line":47,"column":22}},{"start":{"line":47,"column":42},"end":{"line":47,"column":22}},{"start":{"line":47,"column":68},"end":{"line":47,"column":20}}]},"19":{"line":119,"type":"cond-expr","locations":[{"start":{"line":56,"column":49},"end":{"line":56,"column":18}},{"start":{"line":57,"column":20},"end":{"line":57,"column":20}}]}}},"/Users/zhou/Desktop/COMP531/hw5/src/components/article/articlesView.js":{"path":"/Users/zhou/Desktop/COMP531/hw5/src/components/article/articlesView.js","s":{"1":1,"2":1,"3":1,"4":0,"5":0,"6":0,"7":0,"8":0,"9":0,"10":1,"11":1,"12":1,"13":1,"14":1,"15":1,"16":1,"17":1,"18":3,"19":1,"20":0,"21":0,"22":0,"23":0,"24":0,"25":0,"26":0,"27":0,"28":1,"29":1,"30":0,"31":0,"32":0,"33":0,"34":0,"35":0,"36":0,"37":0,"38":0,"39":0,"40":0,"41":1},"b":{"1":[1,0],"2":[0,0],"3":[2,1],"4":[3,3],"5":[0,0],"6":[0,0],"7":[0,0],"8":[0,0],"9":[0,0]},"f":{"1":0,"2":3,"3":0,"4":0,"5":0,"6":0,"7":0,"8":0,"9":0,"10":0},"fnMap":{"1":{"name":"(anonymous_1)","line":8,"loc":{"start":{"line":0,"column":0},"end":{"line":0,"column":0},"skip":true},"skip":true},"2":{"name":"_interopRequireDefault","line":27,"loc":{"start":{"line":0,"column":0},"end":{"line":0,"column":0},"skip":true},"skip":true},"3":{"name":"ArticlesView","line":29,"loc":{"start":{"line":10,"column":21},"end":{"line":10,"column":21}}},"4":{"name":"(anonymous_4)","line":38,"loc":{"start":{"line":16,"column":24},"end":{"line":16,"column":33}}},"5":{"name":"(anonymous_5)","line":42,"loc":{"start":{"line":22,"column":13},"end":{"line":22,"column":13}}},"6":{"name":"(anonymous_6)","line":55,"loc":{"start":{"line":39,"column":2},"end":{"line":39,"column":13}}},"7":{"name":"(anonymous_7)","line":58,"loc":{"start":{"line":42,"column":60},"end":{"line":42,"column":60}}},"8":{"name":"(anonymous_8)","line":62,"loc":{"start":{"line":44,"column":33},"end":{"line":44,"column":40}}},"9":{"name":"(anonymous_9)","line":66,"loc":{"start":{"line":49,"column":28},"end":{"line":49,"column":35}}},"10":{"name":"(anonymous_10)","line":67,"loc":{"start":{"line":50,"column":72},"end":{"line":50,"column":79}}}},"statementMap":{"1":{"start":{"line":0,"column":0},"end":{"line":0,"column":0},"skip":true},"2":{"start":{"line":0,"column":0},"end":{"line":0,"column":0},"skip":true},"3":{"start":{"line":0,"column":0},"end":{"line":0,"column":0},"skip":true},"4":{"start":{"line":0,"column":0},"end":{"line":0,"column":0},"skip":true},"5":{"start":{"line":0,"column":0},"end":{"line":0,"column":0},"skip":true},"6":{"start":{"line":0,"column":0},"end":{"line":0,"column":0},"skip":true},"7":{"start":{"line":0,"column":0},"end":{"line":0,"column":0},"skip":true},"8":{"start":{"line":0,"column":0},"end":{"line":0,"column":0},"skip":true},"9":{"start":{"line":0,"column":0},"end":{"line":0,"column":0},"skip":true},"10":{"start":{"line":4,"column":0},"end":{"line":4,"column":0}},"11":{"start":{"line":0,"column":0},"end":{"line":0,"column":0},"skip":true},"12":{"start":{"line":5,"column":0},"end":{"line":5,"column":0}},"13":{"start":{"line":7,"column":0},"end":{"line":7,"column":0}},"14":{"start":{"line":0,"column":0},"end":{"line":0,"column":0},"skip":true},"15":{"start":{"line":8,"column":0},"end":{"line":8,"column":0}},"16":{"start":{"line":0,"column":0},"end":{"line":0,"column":0},"skip":true},"17":{"start":{"line":0,"column":0},"end":{"line":0,"column":0},"skip":true},"18":{"start":{"line":0,"column":0},"end":{"line":0,"column":0},"skip":true},"19":{"start":{"line":10,"column":0},"end":{"line":10,"column":0}},"20":{"start":{"line":10,"column":21},"end":{"line":10,"column":21}},"21":{"start":{"line":10,"column":21},"end":{"line":10,"column":21}},"22":{"start":{"line":17,"column":8},"end":{"line":18,"column":10}},"23":{"start":{"line":18,"column":10},"end":{"line":18,"column":10}},"24":{"start":{"line":19,"column":8},"end":{"line":20,"column":10}},"25":{"start":{"line":20,"column":10},"end":{"line":20,"column":10}},"26":{"start":{"line":21,"column":8},"end":{"line":21,"column":8}},"27":{"start":{"line":22,"column":13},"end":{"line":22,"column":13}},"28":{"start":{"line":31,"column":0},"end":{"line":31,"column":0}},"29":{"start":{"line":0,"column":0},"end":{"line":0,"column":0},"skip":true},"30":{"start":{"line":40,"column":4},"end":{"line":40,"column":4}},"31":{"start":{"line":41,"column":4},"end":{"line":41,"column":4}},"32":{"start":{"line":42,"column":4},"end":{"line":42,"column":4}},"33":{"start":{"line":42,"column":60},"end":{"line":42,"column":60}},"34":{"start":{"line":43,"column":4},"end":{"line":48,"column":5}},"35":{"start":{"line":44,"column":6},"end":{"line":44,"column":6}},"36":{"start":{"line":45,"column":8},"end":{"line":45,"column":8}},"37":{"start":{"line":49,"column":4},"end":{"line":49,"column":4}},"38":{"start":{"line":50,"column":6},"end":{"line":50,"column":6}},"39":{"start":{"line":51,"column":8},"end":{"line":51,"column":8}},"40":{"start":{"line":54,"column":4},"end":{"line":54,"column":4}},"41":{"start":{"line":0,"column":0},"end":{"line":0,"column":0},"skip":true}},"branchMap":{"1":{"line":8,"type":"binary-expr","locations":[{"start":{"line":0,"column":0},"end":{"line":0,"column":0},"skip":true},{"start":{"line":0,"column":0},"end":{"line":0,"column":0},"skip":true}]},"2":{"line":8,"type":"if","locations":[{"start":{"line":0,"column":0},"end":{"line":0,"column":0},"skip":true},{"start":{"line":0,"column":0},"end":{"line":0,"column":0},"skip":true}]},"3":{"line":27,"type":"cond-expr","locations":[{"start":{"line":0,"column":0},"end":{"line":0,"column":0},"skip":true},{"start":{"line":0,"column":0},"end":{"line":0,"column":0},"skip":true}]},"4":{"line":27,"type":"binary-expr","locations":[{"start":{"line":0,"column":0},"end":{"line":0,"column":0},"skip":true},{"start":{"line":0,"column":0},"end":{"line":0,"column":0},"skip":true}]},"5":{"line":39,"type":"if","locations":[{"start":{"line":17,"column":8},"end":{"line":17,"column":8}},{"start":{"line":17,"column":8},"end":{"line":17,"column":8}}]},"6":{"line":40,"type":"if","locations":[{"start":{"line":19,"column":8},"end":{"line":19,"column":8}},{"start":{"line":19,"column":8},"end":{"line":19,"column":8}}]},"7":{"line":61,"type":"if","locations":[{"start":{"line":43,"column":4},"end":{"line":43,"column":4}},{"start":{"line":43,"column":4},"end":{"line":43,"column":4}}]},"8":{"line":61,"type":"binary-expr","locations":[{"start":{"line":43,"column":8},"end":{"line":43,"column":8}},{"start":{"line":43,"column":19},"end":{"line":43,"column":4}}]},"9":{"line":63,"type":"binary-expr","locations":[{"start":{"line":45,"column":15},"end":{"line":45,"column":15}},{"start":{"line":46,"column":15},"end":{"line":45,"column":8}}]}}},"/Users/zhou/Desktop/COMP531/hw5/src/components/article/article.js":{"path":"/Users/zhou/Desktop/COMP531/hw5/src/components/article/article.js","s":{"1":1,"2":1,"3":0,"4":0,"5":0,"6":0,"7":0,"8":0,"9":1,"10":1,"11":1,"12":1,"13":1,"14":1,"15":1,"16":1,"17":1,"18":1,"19":1,"20":1,"21":1,"22":0,"23":1,"24":1,"25":1,"26":1,"27":1,"28":1,"29":1,"30":1,"31":1,"32":1,"33":1,"34":1,"35":4,"36":1,"37":0,"38":0,"39":1,"40":0,"41":0,"42":0,"43":1,"44":1,"45":0,"46":1,"47":1,"48":1,"49":1,"50":1,"51":1,"52":0,"53":0,"54":0,"55":0,"56":0,"57":0,"58":0,"59":1,"60":0,"61":0,"62":0,"63":0,"64":0,"65":0,"66":0,"67":0,"68":0,"69":0,"70":0,"71":0,"72":0,"73":0,"74":0,"75":0,"76":0,"77":0,"78":0,"79":0,"80":0,"81":0,"82":0,"83":0,"84":0,"85":0,"86":0,"87":0,"88":0,"89":0,"90":1,"91":1,"92":1},"b":{"1":[1,0],"2":[0,0],"3":[1,1],"4":[1,0],"5":[1,0],"6":[0,1],"7":[2,2],"8":[4,4],"9":[0,0],"10":[0,0],"11":[0,0],"12":[0,0,0],"13":[0,1],"14":[1,0],"15":[1,1],"16":[1,0],"17":[1,0],"18":[0,0],"19":[0,0],"20":[0,0],"21":[0,0],"22":[0,0],"23":[0,0],"24":[0,0],"25":[0,0],"26":[0,0],"27":[0,0],"28":[0,0],"29":[0,0]},"f":{"1":0,"2":1,"3":1,"4":1,"5":4,"6":0,"7":0,"8":1,"9":1,"10":0,"11":0,"12":0,"13":0,"14":0,"15":0,"16":0,"17":0,"18":0,"19":0,"20":0,"21":0},"fnMap":{"1":{"name":"(anonymous_1)","line":7,"loc":{"start":{"line":0,"column":0},"end":{"line":0,"column":0},"skip":true},"skip":true},"2":{"name":"(anonymous_2)","line":9,"loc":{"start":{"line":0,"column":0},"end":{"line":0,"column":0},"skip":true},"skip":true},"3":{"name":"defineProperties","line":9,"loc":{"start":{"line":0,"column":0},"end":{"line":0,"column":0},"skip":true},"skip":true},"4":{"name":"(anonymous_4)","line":9,"loc":{"start":{"line":0,"column":0},"end":{"line":0,"column":0},"skip":true},"skip":true},"5":{"name":"_interopRequireDefault","line":31,"loc":{"start":{"line":0,"column":0},"end":{"line":0,"column":0},"skip":true},"skip":true},"6":{"name":"_classCallCheck","line":33,"loc":{"start":{"line":0,"column":0},"end":{"line":0,"column":0},"skip":true},"skip":true},"7":{"name":"_possibleConstructorReturn","line":35,"loc":{"start":{"line":0,"column":0},"end":{"line":0,"column":0},"skip":true},"skip":true},"8":{"name":"_inherits","line":37,"loc":{"start":{"line":0,"column":0},"end":{"line":0,"column":0},"skip":true},"skip":true},"9":{"name":"(anonymous_9)","line":42,"loc":{"start":{"line":0,"column":0},"end":{"line":0,"column":0},"skip":true},"skip":true},"10":{"name":"Article","line":45,"loc":{"start":{"line":14,"column":2},"end":{"line":14,"column":21}}},"11":{"name":"render","line":62,"loc":{"start":{"line":0,"column":0},"end":{"line":0,"column":0},"skip":true},"skip":true},"12":{"name":"onChange","line":93,"loc":{"start":{"line":37,"column":24},"end":{"line":37,"column":31}}},"13":{"name":"onClick","line":105,"loc":{"start":{"line":46,"column":66},"end":{"line":46,"column":72}}},"14":{"name":"onClick","line":116,"loc":{"start":{"line":50,"column":65},"end":{"line":50,"column":71}}},"15":{"name":"onClick","line":123,"loc":{"start":{"line":53,"column":92},"end":{"line":53,"column":98}}},"16":{"name":"onClick","line":136,"loc":{"start":{"line":62,"column":61},"end":{"line":62,"column":67}}},"17":{"name":"onClick","line":147,"loc":{"start":{"line":66,"column":67},"end":{"line":66,"column":73}}},"18":{"name":"onChange","line":160,"loc":{"start":{"line":78,"column":34},"end":{"line":78,"column":41}}},"19":{"name":"onClick","line":168,"loc":{"start":{"line":85,"column":36},"end":{"line":85,"column":42}}},"20":{"name":"(anonymous_20)","line":178,"loc":{"start":{"line":98,"column":64},"end":{"line":98,"column":73}}},"21":{"name":"(anonymous_21)","line":182,"loc":{"start":{"line":104,"column":19},"end":{"line":104,"column":19}}}},"statementMap":{"1":{"start":{"line":0,"column":0},"end":{"line":0,"column":0},"skip":true},"2":{"start":{"line":0,"column":0},"end":{"line":0,"column":0},"skip":true},"3":{"start":{"line":0,"column":0},"end":{"line":0,"column":0},"skip":true},"4":{"start":{"line":0,"column":0},"end":{"line":0,"column":0},"skip":true},"5":{"start":{"line":0,"column":0},"end":{"line":0,"column":0},"skip":true},"6":{"start":{"line":0,"column":0},"end":{"line":0,"column":0},"skip":true},"7":{"start":{"line":0,"column":0},"end":{"line":0,"column":0},"skip":true},"8":{"start":{"line":0,"column":0},"end":{"line":0,"column":0},"skip":true},"9":{"start":{"line":0,"column":0},"end":{"line":0,"column":0},"skip":true},"10":{"start":{"line":0,"column":0},"end":{"line":0,"column":0},"skip":true},"11":{"start":{"line":0,"column":0},"end":{"line":0,"column":0},"skip":true},"12":{"start":{"line":0,"column":0},"end":{"line":0,"column":0},"skip":true},"13":{"start":{"line":0,"column":0},"end":{"line":0,"column":0},"skip":true},"14":{"start":{"line":0,"column":0},"end":{"line":0,"column":0},"skip":true},"15":{"start":{"line":0,"column":0},"end":{"line":0,"column":0},"skip":true},"16":{"start":{"line":0,"column":0},"end":{"line":0,"column":0},"skip":true},"17":{"start":{"line":0,"column":0},"end":{"line":0,"column":0},"skip":true},"18":{"start":{"line":0,"column":0},"end":{"line":0,"column":0},"skip":true},"19":{"start":{"line":0,"column":0},"end":{"line":0,"column":0},"skip":true},"20":{"start":{"line":0,"column":0},"end":{"line":0,"column":0},"skip":true},"21":{"start":{"line":0,"column":0},"end":{"line":0,"column":0},"skip":true},"22":{"start":{"line":0,"column":0},"end":{"line":0,"column":0},"skip":true},"23":{"start":{"line":0,"column":0},"end":{"line":0,"column":0},"skip":true},"24":{"start":{"line":4,"column":0},"end":{"line":4,"column":0}},"25":{"start":{"line":0,"column":0},"end":{"line":0,"column":0},"skip":true},"26":{"start":{"line":5,"column":0},"end":{"line":5,"column":0}},"27":{"start":{"line":0,"column":0},"end":{"line":0,"column":0},"skip":true},"28":{"start":{"line":6,"column":0},"end":{"line":6,"column":0}},"29":{"start":{"line":8,"column":0},"end":{"line":8,"column":0}},"30":{"start":{"line":0,"column":0},"end":{"line":0,"column":0},"skip":true},"31":{"start":{"line":9,"column":0},"end":{"line":9,"column":0}},"32":{"start":{"line":0,"column":0},"end":{"line":0,"column":0},"skip":true},"33":{"start":{"line":10,"column":0},"end":{"line":10,"column":0}},"34":{"start":{"line":0,"column":0},"end":{"line":0,"column":0},"skip":true},"35":{"start":{"line":0,"column":0},"end":{"line":0,"column":0},"skip":true},"36":{"start":{"line":0,"column":0},"end":{"line":0,"column":0},"skip":true},"37":{"start":{"line":0,"column":0},"end":{"line":0,"column":0},"skip":true},"38":{"start":{"line":0,"column":0},"end":{"line":0,"column":0},"skip":true},"39":{"start":{"line":0,"column":0},"end":{"line":0,"column":0},"skip":true},"40":{"start":{"line":0,"column":0},"end":{"line":0,"column":0},"s
[...]
:0},"end":{"line":0,"column":0},"skip":true},{"start":{"line":0,"column":0},"end":{"line":0,"column":0},"skip":true}]},"14":{"line":23,"type":"if","locations":[{"start":{"line":0,"column":0},"end":{"line":0,"column":0},"skip":true},{"start":{"line":0,"column":0},"end":{"line":0,"column":0},"skip":true}]},"15":{"line":23,"type":"cond-expr","locations":[{"start":{"line":0,"column":0},"end":{"line":0,"column":0},"skip":true},{"start":{"line":0,"column":0},"end":{"line":0,"column":0},"skip":true}]},"16":{"line":34,"type":"binary-expr","locations":[{"start":{"line":0,"column":0},"end":{"line":0,"column":0},"skip":true},{"start":{"line":0,"column":0},"end":{"line":0,"column":0},"skip":true}]},"17":{"line":40,"type":"if","locations":[{"start":{"line":12,"column":8},"end":{"line":12,"column":8}},{"start":{"line":12,"column":8},"end":{"line":12,"column":8}}]},"18":{"line":91,"type":"cond-expr","locations":[{"start":{"line":44,"column":27},"end":{"line":44,"column":14}},{"start":{"line":45,"column":16},"end":{"line":45,"column":16}}]},"19":{"line":102,"type":"binary-expr","locations":[{"start":{"line":50,"column":26},"end":{"line":50,"column":26}},{"start":{"line":50,"column":58},"end":{"line":49,"column":20}}]}}},"/Users/zhou/Desktop/COMP531/hw5/src/components/profile/profileActions.spec.js":{"path":"/Users/zhou/Desktop/COMP531/hw5/src/components/profile/profileActions.spec.js","s":{"1":1,"2":1,"3":1,"4":0,"5":0},"b":{},"f":{"1":0,"2":0},"fnMap":{"1":{"name":"(anonymous_1)","line":10,"loc":{"start":{"line":7,"column":37},"end":{"line":7,"column":43}}},"2":{"name":"(anonymous_2)","line":11,"loc":{"start":{"line":8,"column":45},"end":{"line":8,"column":51}}}},"statementMap":{"1":{"start":{"line":4,"column":0},"end":{"line":4,"column":0}},"2":{"start":{"line":5,"column":0},"end":{"line":5,"column":0}},"3":{"start":{"line":7,"column":0},"end":{"line":7,"column":0}},"4":{"start":{"line":8,"column":4},"end":{"line":8,"column":4}},"5":{"start":{"line":9,"column":8},"end":{"line":9,"column":8}}},"branchMap":{}},"/Users/zhou/Desktop/COMP531/hw5/src/index.js":{"path":"/Users/zhou/Desktop/COMP531/hw5/src/index.js","s":{"1":1,"2":1,"3":1,"4":1,"5":1,"6":1,"7":1,"8":1,"9":1,"10":1,"11":1,"12":1,"13":1,"14":1,"15":1,"16":5,"17":1,"18":1,"19":1,"20":1},"b":{"1":[3,2],"2":[5,5]},"f":{"1":5},"fnMap":{"1":{"name":"_interopRequireDefault","line":31,"loc":{"start":{"line":0,"column":0},"end":{"line":0,"column":0},"skip":true},"skip":true}},"statementMap":{"1":{"start":{"line":4,"column":0},"end":{"line":4,"column":0}},"2":{"start":{"line":0,"column":0},"end":{"line":0,"column":0},"skip":true},"3":{"start":{"line":5,"column":0},"end":{"line":5,"column":0}},"4":{"start":{"line":6,"column":0},"end":{"line":6,"column":0}},"5":{"start":{"line":8,"column":0},"end":{"line":8,"column":0}},"6":{"start":{"line":0,"column":0},"end":{"line":0,"column":0},"skip":true},"7":{"start":{"line":9,"column":0},"end":{"line":9,"column":0}},"8":{"start":{"line":0,"column":0},"end":{"line":0,"column":0},"skip":true},"9":{"start":{"line":10,"column":0},"end":{"line":10,"column":0}},"10":{"start":{"line":12,"column":0},"end":{"line":12,"column":0}},"11":{"start":{"line":0,"column":0},"end":{"line":0,"column":0},"skip":true},"12":{"start":{"line":13,"column":0},"end":{"line":13,"column":0}},"13":{"start":{"line":0,"column":0},"end":{"line":0,"column":0},"skip":true},"14":{"start":{"line":15,"column":0},"end":{"line":15,"column":0}},"15":{"start":{"line":0,"column":0},"end":{"line":0,"column":0},"skip":true},"16":{"start":{"line":0,"column":0},"end":{"line":0,"column":0},"skip":true},"17":{"start":{"line":0,"column":0},"end":{"line":0,"column":0},"skip":true},"18":{"start":{"line":19,"column":0},"end":{"line":19,"column":0}},"19":{"start":{"line":21,"column":0},"end":{"line":21,"column":0}},"20":{"start":{"line":23,"column":0},"end":{"line":23,"column":0}}},"branchMap":{"1":{"line":31,"type":"cond-expr","locations":[{"start":{"line":0,"column":0},"end":{"line":0,"column":0},"skip":true},{"start":{"line":0,"column":0},"end":{"line":0,"column":0},"skip":true}]},"2":{"line":31,"type":"binary-expr","locations":[{"start":{"line":0,"column":0},"end":{"line":0,"column":0},"skip":true},{"start":{"line":0,"column":0},"end":{"line":0,"column":0},"skip":true}]}}},"/Users/zhou/Desktop/COMP531/hw5/src/reducers.js":{"path":"/Users/zhou/Desktop/COMP531/hw5/src/reducers.js","s":{"1":1,"2":1,"3":0,"4":0,"5":0,"6":0,"7":0,"8":0,"9":1,"10":1,"11":1,"12":1,"13":1,"14":1,"15":17,"16":17,"17":17,"18":1,"19":16,"20":1,"21":17,"22":17,"23":17,"24":1,"25":1,"26":1,"27":1,"28":1,"29":1,"30":13,"31":1,"32":17,"33":17,"34":17,"35":1,"36":1,"37":0,"38":1,"39":0,"40":1,"41":0,"42":1,"43":1,"44":15,"45":1,"46":17,"47":17,"48":17,"49":17,"50":1,"51":1,"52":1,"53":1,"54":1,"55":12,"56":1,"57":1},"b":{"1":[1,0],"2":[0,0],"3":[1,0],"4":[1,1],"5":[1,16],"6":[17,17],"7":[1,16],"8":[2,15],"9":[17,17],"10":[0,1,1,1,1,13],"11":[0,17],"12":[17,17],"13":[1,1,1,15],"14":[0,1],"15":[0,1],"16":[0,1],"17":[1,0],"18":[0,17],"19":[17,17],"20":[1,1,1,1,1,12]},"f":{"1":0,"2":1,"3":17,"4":17,"5":17,"6":17},"fnMap":{"1":{"name":"(anonymous_1)","line":7,"loc":{"start":{"line":0,"column":0},"end":{"line":0,"column":0},"skip":true},"skip":true},"2":{"name":"_interopRequireDefault","line":18,"loc":{"start":{"line":0,"column":0},"end":{"line":0,"column":0},"skip":true},"skip":true},"3":{"name":"followers","line":21,"loc":{"start":{"line":8,"column":0},"end":{"line":8,"column":54}}},"4":{"name":"articles","line":34,"loc":{"start":{"line":18,"column":0},"end":{"line":18,"column":84}}},"5":{"name":"profile","line":59,"loc":{"start":{"line":40,"column":0},"end":{"line":40,"column":100}}},"6":{"name":"common","line":81,"loc":{"start":{"line":59,"column":0},"end":{"line":59,"column":71}}}},"statementMap":{"1":{"start":{"line":0,"column":0},"end":{"line":0,"column":0},"skip":true},"2":{"start":{"line":0,"column":0},"end":{"line":0,"column":0},"skip":true},"3":{"start":{"line":0,"column":0},"end":{"line":0,"column":0},"skip":true},"4":{"start":{"line":0,"column":0},"end":{"line":0,"column":0},"skip":true},"5":{"start":{"line":0,"column":0},"end":{"line":0,"column":0},"skip":true},"6":{"start":{"line":0,"column":0},"end":{"line":0,"column":0},"skip":true},"7":{"start":{"line":0,"column":0},"end":{"line":0,"column":0},"skip":true},"8":{"start":{"line":0,"column":0},"end":{"line":0,"column":0},"skip":true},"9":{"start":{"line":4,"column":0},"end":{"line":4,"column":0}},"10":{"start":{"line":5,"column":0},"end":{"line":5,"column":0}},"11":{"start":{"line":0,"column":0},"end":{"line":0,"column":0},"skip":true},"12":{"start":{"line":0,"column":0},"end":{"line":0,"column":0},"skip":true},"13":{"start":{"line":0,"column":0},"end":{"line":0,"column":0},"skip":true},"14":{"start":{"line":8,"column":0},"end":{"line":16,"column":1}},"15":{"start":{"line":8,"column":54},"end":{"line":8,"column":54}},"16":{"start":{"line":8,"column":54},"end":{"line":8,"column":54}},"17":{"start":{"line":9,"column":4},"end":{"line":9,"column":4}},"18":{"start":{"line":11,"column":12},"end":{"line":11,"column":12}},"19":{"start":{"line":14,"column":12},"end":{"line":14,"column":12}},"20":{"start":{"line":18,"column":0},"end":{"line":38,"column":1}},"21":{"start":{"line":18,"column":84},"end":{"line":18,"column":84}},"22":{"start":{"line":18,"column":84},"end":{"line":18,"column":84}},"23":{"start":{"line":19,"column":4},"end":{"line":19,"column":4}},"24":{"start":{"line":22,"column":12},"end":{"line":22,"column":12}},"25":{"start":{"line":23,"column":12},"end":{"line":23,"column":12}},"26":{"start":{"line":24,"column":12},"end":{"line":24,"column":12}},"27":{"start":{"line":27,"column":12},"end":{"line":27,"column":12}},"28":{"start":{"line":30,"column":12},"end":{"line":30,"column":12}},"29":{"start":{"line":33,"column":12},"end":{"line":33,"column":12}},"30":{"start":{"line":36,"column":12},"end":{"line":36,"column":12}},"31":{"start":{"line":40,"column":0},"end":{"line":56,"column":1}},"32":{"start":{"line":40,"column":100},"end":{"line":40,"column":100}},"33":{"start":{"line":40,"column":100},"end":{"line":40,"column":100}},"34":{"start":{"line":41,"column":4},"end":{"line":41,"column":4}},"35":{"start":{"line":45,"column":12},"end":{"line":45,"column":12}},"36":{"start":{"line":48,"column":12},"end":{"line":48,"column":33}},"37":{"start":{"line":48,"column":33},"end":{"line":48,"column":33}},"38":{"start":{"line":49,"column":12},"end":{"line":49,"column":31}},"39":{"start":{"line":49,"column":31},"end":{"line":49,"column":31}},"40":{"start":{"line":50,"column":12},"end":{"line":50,"column":32}},"41":{"start":{"line":50,"column":32},"end":{"line":50,"column":32}},"42":{"start":{"line":51,"column":12},"end":{"line":51,"column":30}},"43":{"start":{"line":51,"column":30},"end":{"line":51,"column":30}},"44":{"start":{"line":54,"column":12},"end":{"line":54,"column":12}},"45":{"start":{"line":59,"column":0},"end":{"line":77,"column":1}},"46":{"start":{"line":59,"column":71},"end":{"line":59,"column":71}},"47":{"start":{"line":59,"column":71},"end":{"line":59,"column":71}},"48":{"start":{"line":60,"column":4},"end":{"line":60,"column":4}},"49":{"start":{"line":61,"column":4},"end":{"line":61,"column":4}},"50":{"start":{"line":63,"column":12},"end":{"line":63,"column":12}},"51":{"start":{"line":65,"column":12},"end":{"line":65,"column":12}},"52":{"start":{"line":68,"column":12},"end":{"line":68,"column":12}},"53":{"start":{"line":70,"column":12},"end":{"line":70,"column":12}},"54":{"start":{"line":72,"column":12},"end":{"line":72,"column":12}},"55":{"start":{"line":75,"column":12},"end":{"line":75,"column":12}},"56":{"start":{"line":79,"column":0},"end":{"line":79,"column":0}},"57":{"start":{"line":0,"column":0},"end":{"line":0,"column":0},"skip":true}},"branchMap":{"1":{"line":7,"type":"binary-expr","locations":[{"start":{"line":0,"column":0},"end":{"line":0,"column":0},"skip":true},{"start":{"line":0,"column":0},"end":{"line":0,"column":0},"skip":true}]},"2":{"line":7,"type":"if","locations":[{"start":{"line":0,"column":0},"end":{"line":0,"column":0},"skip":true},{"start":{"line":0,"column":0},"end":{"line":0,"column":0},"skip":true}]},"3":{"line":18,"type":"cond-expr","locations":[{"start":{"line":0,"column":0},"end":{"line":0,"column":0},"skip":true},{"start":{"line":0,"column":0},"end":{"line":0,"column":0},"skip":true}]},"4":{"line":18,"type":"binary-expr","locations":[{"start":{"line":0,"column":0},"end":{"line":0,"column":0},"skip":true},{"start":{"line":0,"column":0},"end":{"line":0,"column":0},"skip":true}]},"5":{"line":22,"type":"cond-expr","locations":[{"start":{"line":8,"column":54},"end":{"line":8,"column":54}},{"start":{"line":8,"column":27},"end":{"line":8,"column":54}}]},"6":{"line":22,"type":"binary-expr","locations":[{"start":{"line":8,"column":54},"end":{"line":8,"column":54}},{"start":{"line":8,"column":54},"end":{"line":8,"column":54}}]},"7":{"line":25,"type":"switch","locations":[{"start":{"line":10,"column":8},"end":{"line":11,"column":12}},{"start":{"line":13,"column":8},"end":{"line":14,"column":12}}]},"8":{"line":35,"type":"cond-expr","locations":[{"start":{"line":18,"column":84},"end":{"line":18,"column":84}},{"start":{"line":18,"column":26},"end":{"line":18,"column":84}}]},"9":{"line":35,"type":"binary-expr","locations":[{"start":{"line":18,"column":84},"end":{"line":18,"column":84}},{"start":{"line":18,"column":84},"end":{"line":18,"column":84}}]},"10":{"line":38,"type":"switch","locations":[{"start":{"line":20,"column":8},"end":{"line":20,"column":8}},{"start":{"line":21,"column":8},"end":{"line":24,"column":12}},{"start":{"line":26,"column":8},"end":{"line":27,"column":12}},{"start":{"line":29,"column":8},"end":{"line":30,"column":12}},{"start":{"line":32,"column":8},"end":{"line":33,"column":12}},{"start":{"line":35,"column":8},"end":{"line":36,"column":12}}]},"11":{"line":60,"type":"cond-expr","locations":[{"start":{"line":40,"column":100},"end":{"line":40,"column":100}},{"start":{"line":40,"column":25},"end":{"line":40,"column":100}}]},"12":{"line":60,"type":"binary-expr","locations":[{"start":{"line":40,"column":100},"end":{"line":40,"column":100}},{"start":{"line":40,"column":100},"end":{"line":40,"column":100}}]},"13":{"line":63,"type":"switch","locations":[{"start":{"line":43,"column":8},"end":{"line":43,"column":8}},{"start":{"line":44,"column":8},"end":{"line":45,"column":12}},{"start":{"line":47,"column":8},"end":{"line":51,"column":30}},{"start":{"line":53,"column":8},"end":{"line":54,"column":12}}]},"14":{"line":70,"type":"if","locations":[{"start":{"line":48,"column":12},"end":{"line":48,"column":12}},{"start":{"line":48,"column":12},"end":{"line":48,"column":12}}]},"15":{"line":71,"type":"if","locations":[{"start":{"line":49,"column":12},"end":{"line":49,"column":12}},{"start":{"line":49,"column":12},"end":{"line":49,"column":12}}]},"16":{"line":72,"type":"if","locations":[{"start":{"line":50,"column":12},"end":{"line":50,"column":12}},{"start":{"line":50,"column":12},"end":{"line":50,"column":12}}]},"17":{"line":73,"type":"if","locations":[{"start":{"line":51,"column":12},"end":{"line":51,"column":12}},{"start":{"line":51,"column":12},"end":{"line":51,"column":12}}]},"18":{"line":82,"type":"cond-expr","locations":[{"start":{"line":59,"column":71},"end":{"line":59,"column":71}},{"start":{"line":59,"column":24},"end":{"line":59,"column":71}}]},"19":{"line":82,"type":"binary-expr","locations":[{"start":{"line":59,"column":71},"end":{"line":59,"column":71}},{"start":{"line":59,"column":71},"end":{"line":59,"column":71}}]},"20":{"line":86,"type":"switch","locations":[{"start":{"line":62,"column":8},"end":{"line":63,"column":12}},{"start":{"line":64,"column":8},"end":{"line":65,"column":12}},{"start":{"line":67,"column":8},"end":{"line":68,"column":12}},{"start":{"line":69,"column":8},"end":{"line":70,"column":12}},{"start":{"line":71,"column":8},"end":{"line":72,"column":12}},{"start":{"line":74,"column":8},"end":{"line":75,"column":12}}]}}},"/Users/zhou/Desktop/COMP531/hw5/src/reducers.spec.js":{"path":"/Users/zhou/Desktop/COMP531/hw5/src/reducers.spec.js","s":{"1":1,"2":1,"3":1,"4":1,"5":1,"6":1,"7":2,"8":1,"9":0,"10":0,"11":0,"12":0,"13":0,"14":0,"15":0,"16":0,"17":0,"18":0,"19":0,"20":0,"21":0,"22":0,"23":0,"24":0,"25":0,"26":0,"27":0,"28":0,"29":0,"30":0,"31":0,"32":0,"33":0,"34":0,"35":0,"36":0,"37":0,"38":0,"39":0,"40":0},"b":{"1":[2,0],"2":[2,2]},"f":{"1":2,"2":0,"3":0,"4":0,"5":0,"6":0,"7":0,"8":0,"9":0,"10":0,"11":0,"12":0,"13":0,"14":0,"15":0,"16":0,"17":0,"18":0,"19":0,"20":0},"fnMap":{"1":{"name":"_interopRequireDefault","line":13,"loc":{"start":{"line":0,"column":0},"end":{"line":0,"column":0},"skip":true},"skip":true},"2":{"name":"(anonymous_2)","line":18,"loc":{"start":{"line":9,"column":37},"end":{"line":9,"column":43}}},"3":{"name":"(anonymous_3)","line":19,"loc":{"start":{"line":10,"column":50},"end":{"line":10,"column":56}}},"4":{"name":"(anonymous_4)","line":45,"loc":{"start":{"line":36,"column":38},"end":{"line":36,"column":44}}},"5":{"name":"(anonymous_5)","line":46,"loc":{"start":{"line":37,"column":38},"end":{"line":37,"column":44}}},"6":{"name":"(anonymous_6)","line":72,"loc":{"start":{"line":63,"column":37},"end":{"line":63,"column":43}}},"7":{"name":"(anonymous_7)","line":73,"loc":{"start":{"line":64,"column":33},"end":{"line":64,"column":39}}},"8":{"name":"(anonymous_8)","line":102,"loc":{"start":{"line":93,"column":32},"end":{"line":93,"column":38}}},"9":{"name":"(anonymous_9)","line":131,"loc":{"start":{"line":122,"column":37},"end":{"line":122,"column":43}}},"10":{"name":"(anonymous_10)","line":132,"loc":{"start":{"line":123,"column":33},"end":{"line":123,"column":39}}},"11":{"name":"(anonymous_11)","line":163,"loc":{"start":{"line":154,"column":33},"end":{"line":154,"column":39}}},"12":{"name":"(anonymous_12)","line":193,"loc":{"start":{"line":184,"column":29},"end":{"line":184,"column":35}}},"13":{"name":"(anonymous_13)","line":221,"loc":{"start":{"line":213,"column":31},"end":{"line":213,"column":37}}},"14":{"name":"(anonymous_14)","line":250,"loc":{"start":{"line":243,"column":36},"end":{"line":243,"column":42}}},"15":{"name":"(anonymous_15)","line":251,"loc":{"start":{"line":244,"column":49},"end":{"line":244,"column":55}}},"16":{"name":"(anonymous_16)","line":279,"loc":{"start":{"line":272,"column":31},"end":{"line":272,"column":37}}},"17":{"name":"(anonymous_17)","line":308,"loc":{"start":{"line":303,"column":29},"end":{"line":303,"column":35}}},"18":{"name":"(anonymous_18)","line":337,"loc":{"start":{"line":334,"column":34},"end":{"line":334,"column":40}}},"19":{"name":"(anonymous_19)","line":364,"loc":{"start":{"line":363,"column":37},"end":{"line":363,"column":43}}},"20":{"name":"(anonymous_20)","line":391,"loc":{"start":{"line":392,"column":30},"end":{"line":392,"column":36}}}},"statementMap":{"1":{"start":{"line":4,"column":0},"end":{"line":4,"column":0}},"2":{"start":{"line":5,"column":0},"end":{"line":5,"column":0}},"3":{"start":{"line":0,"column":0},"end":{"line":0,"column":0},"skip":true},"4":{"start":{"line":7,"column":0},"end":{"line":7,"column":0}},"5":{"start":{"line":0,"column":0},"end":{"line":0,"column":0},"skip":true},"6":{"start":{"line":0,"column":0},"end":{"line":0,"column":0},"skip":true},"7":{"start":{"line":0,"column":0},"end":{"line":0,"column":0},"skip":true},"8":{"start":{"line":9,"column":0},"end":{"line":9,"column":0}},"9":{"start":{"line":10,"column":4},"end":{"line":10,"column":4}},"10":{"start":{"line":11,"column":8},"end":{"line":11,"column":8}},"11":{"start":{"line":36,"column":0},"end":{"line":36,"column":0}},"12":{"start":{"line":37,"column":4},"end":{"line":37,"column":4}},"13":{"start":{"line":38,"column":8},"end":{"line":38,"column":8}},"14":{"start":{"line":63,"column":0},"end":{"line":63,"column":0}},"15":{"start":{"line":64,"column":4},"end":{"line":64,"column":4}},"16":{"start":{"line":65,"column":8},"end":{"line":65,"column":8}},"17":{"start":{"line":93,"column":4},"end":{"line":93,"column":4}},"18":{"start":{"line":94,"column":8},"end":{"line":94,"column":8}},"19":{"start":{"line":122,"column":0},"end":{"line":122,"column":0}},"20":{"start":{"line":123,"column":4},"end":{"line":123,"column":4}},"21":{"start":{"line":124,"column":8},"end":{"line":124,"column":8}},"22":{"start":{"line":154,"column":4},"end":{"line":154,"column":4}},"23":{"start":{"line":155,"column":8},"end":{"line":155,"column":8}},"24":{"start":{"line":184,"column":4},"end":{"line":184,"column":4}},"25":{"start":{"line":185,"column":8},"end":{"line":185,"column":8}},"26":{"start":{"line":213,"column":4},"end":{"line":213,"column":4}},"27":{"start":{"line":214,"column":8},"end":{"line":214,"column":8}},"28":{"start":{"line":243,"column":0},"end":{"line":243,"column":0}},"29":{"start":{"line":244,"column":4},"end":{"line":244,"column":4}},"30":{"start":{"line":245,"column":8},"end":{"line":245,"column":8}},"31":{"start":{"line":272,"column":4},"end":{"line":272,"column":4}},"32":{"start":{"line":273,"column":8},"end":{"line":273,"column":8}},"33":{"start":{"line":303,"column":4},"end":{"line":303,"column":4}},"34":{"start":{"line":304,"column":8},"end":{"line":304,"column":8}},"35":{"start":{"line":334,"column":4},"end":{"line":334,"column":4}},"36":{"start":{"line":335,"column":8},"end":{"line":335,"column":8}},"37":{"start":{"line":363,"column":4},"end":{"line":363,"column":4}},"38":{"start":{"line":364,"column":8},"end":{"line":364,"column":8}},"39":{"start":{"line":392,"column":4},"end":{"line":392,"column":4}},"40":{"start":{"line":393,"column":8},"end":{"line":393,"column":8}}},"branchMap":{"1":{"line":13,"type":"cond-expr","locations":[{"start":{"line":0,"column":0},"end":{"line":0,"column":0},"skip":true},{"start":{"line":0,"column":0},"end":{"line":0,"column":0},"skip":true}]},"2":{"line":13,"type":"binary-expr","locations":[{"start":{"line":0,"column":0},"end":{"line":0,"column":0},"skip":true},{"start":{"line":0,"column":0},"end":{"line":0,"column":0},"skip":true}]}}}}